TN:
SF:/home/kevin/work/lucidata/App.js
FN:28,(anonymous_0)
FN:30,configureStore
FN:44,(anonymous_2)
FN:46,(anonymous_3)
FN:51,(anonymous_4)
FN:97,(anonymous_5)
FN:102,(anonymous_6)
FNF:7
FNH:5
FNDA:0,(anonymous_0)
FNDA:1,configureStore
FNDA:1,(anonymous_2)
FNDA:4,(anonymous_3)
FNDA:0,(anonymous_4)
FNDA:1,(anonymous_5)
FNDA:1,(anonymous_6)
DA:28,1
DA:31,1
DA:37,1
DA:40,1
DA:45,1
DA:46,1
DA:47,4
DA:51,0
DA:56,1
DA:83,1
DA:98,1
DA:102,1
DA:103,1
DA:111,1
LF:14
LH:13
BRF:0
BRH:0
end_of_record
TN:
SF:/home/kevin/work/lucidata/app/actions/index.js
FNF:0
FNH:0
DA:3,2
LF:1
LH:1
BRF:0
BRH:0
end_of_record
TN:
SF:/home/kevin/work/lucidata/app/actions/smsActions.js
FN:1,setMessages
FN:8,addMessage
FNF:2
FNH:0
FNDA:0,setMessages
FNDA:0,addMessage
DA:2,0
DA:9,0
LF:2
LH:0
BRF:0
BRH:0
end_of_record
TN:
SF:/home/kevin/work/lucidata/app/lib/createReducer.js
FN:1,createReducer
FN:2,reducer
FNF:2
FNH:2
FNDA:2,createReducer
FNDA:6,reducer
DA:2,2
DA:3,6
DA:4,0
DA:6,6
LF:4
LH:3
BRDA:2,0,0,6
BRDA:3,1,0,0
BRDA:3,1,1,6
BRF:3
BRH:2
end_of_record
TN:
SF:/home/kevin/work/lucidata/app/lib/getLocation.js
FN:3,getLocation
FN:4,(anonymous_1)
FN:18,(anonymous_2)
FN:24,(anonymous_3)
FNF:4
FNH:0
FNDA:0,getLocation
FNDA:0,(anonymous_1)
FNDA:0,(anonymous_2)
FNDA:0,(anonymous_3)
DA:4,0
DA:5,0
DA:7,0
DA:14,0
DA:15,0
DA:18,0
DA:19,0
DA:20,0
DA:24,0
DA:25,0
DA:30,0
DA:34,0
DA:35,0
DA:38,0
DA:39,0
LF:15
LH:0
BRDA:14,0,0,0
BRDA:14,0,1,0
BRF:2
BRH:0
end_of_record
TN:
SF:/home/kevin/work/lucidata/app/lib/parseSms.js
FN:1,parseSms
FN:30,(anonymous_1)
FN:68,(anonymous_2)
FN:77,(anonymous_3)
FN:115,(anonymous_4)
FN:121,(anonymous_5)
FNF:6
FNH:6
FNDA:10,parseSms
FNDA:2,(anonymous_1)
FNDA:4,(anonymous_2)
FNDA:10,(anonymous_3)
FNDA:3,(anonymous_4)
FNDA:8,(anonymous_5)
DA:2,10
DA:4,9
DA:5,9
DA:6,1
DA:10,9
DA:11,9
DA:12,9
DA:15,1
DA:17,1
DA:18,1
DA:20,1
DA:22,1
DA:24,1
DA:26,1
DA:28,1
DA:30,1
DA:31,2
DA:32,2
DA:33,2
DA:34,2
DA:35,2
DA:36,2
DA:37,2
DA:39,0
DA:41,2
DA:44,1
DA:47,4
DA:48,3
DA:50,3
DA:52,3
DA:54,3
DA:61,1
DA:63,1
DA:65,1
DA:67,1
DA:68,1
DA:69,4
DA:70,3
DA:71,3
DA:72,0
DA:74,3
DA:75,3
DA:76,3
DA:77,3
DA:78,10
DA:79,10
DA:81,3
DA:82,3
DA:84,3
DA:85,3
DA:87,2
DA:88,2
DA:90,2
DA:91,2
DA:93,0
DA:105,3
DA:108,1
DA:110,1
DA:112,1
DA:114,1
DA:115,1
DA:116,3
DA:117,2
DA:118,2
DA:119,2
DA:120,2
DA:121,2
DA:122,8
DA:123,8
DA:125,2
DA:126,2
DA:128,2
DA:129,2
DA:131,2
DA:132,2
DA:134,1
DA:135,1
DA:137,1
DA:138,1
DA:140,0
DA:152,2
DA:155,1
DA:158,0
DA:178,0
DA:179,0
DA:184,1
DA:187,2
DA:189,1
DA:195,1
LF:89
LH:82
BRDA:2,0,0,9
BRDA:2,0,1,1
BRDA:2,1,0,10
BRDA:2,1,1,9
BRDA:5,2,0,1
BRDA:5,2,1,8
BRDA:12,3,0,1
BRDA:12,3,1,1
BRDA:12,3,2,4
BRDA:12,3,3,2
BRDA:12,3,4,1
BRDA:17,4,0,1
BRDA:17,4,1,0
BRDA:24,5,0,1
BRDA:24,5,1,0
BRDA:47,6,0,3
BRDA:47,6,1,1
BRDA:54,7,0,1
BRDA:54,7,1,1
BRDA:54,7,2,1
BRDA:54,7,3,0
BRDA:69,8,0,3
BRDA:69,8,1,1
BRDA:71,9,0,0
BRDA:71,9,1,3
BRDA:79,10,0,3
BRDA:79,10,1,3
BRDA:79,10,2,2
BRDA:79,10,3,2
BRDA:79,10,4,0
BRDA:116,11,0,2
BRDA:116,11,1,1
BRDA:123,12,0,2
BRDA:123,12,1,2
BRDA:123,12,2,2
BRDA:123,12,3,1
BRDA:123,12,4,1
BRDA:123,12,5,0
BRF:38
BRH:32
end_of_record
TN:
SF:/home/kevin/work/lucidata/app/lib/readTexts.js
FN:4,readTexts
FN:5,(anonymous_1)
FN:24,(anonymous_2)
FN:29,(anonymous_3)
FN:32,(anonymous_4)
FNF:5
FNH:0
FNDA:0,readTexts
FNDA:0,(anonymous_1)
FNDA:0,(anonymous_2)
FNDA:0,(anonymous_3)
FNDA:0,(anonymous_4)
DA:5,0
DA:7,0
DA:9,0
DA:10,0
DA:12,0
DA:22,0
DA:25,0
DA:26,0
DA:30,0
DA:31,0
DA:32,0
DA:34,0
DA:37,0
DA:38,0
DA:41,0
LF:15
LH:0
BRDA:37,0,0,0
BRDA:37,0,1,0
BRDA:37,1,0,0
BRDA:37,1,1,0
BRF:4
BRH:0
end_of_record
TN:
SF:/home/kevin/work/lucidata/app/lib/sendSms.js
FN:4,sendSms
FN:5,(anonymous_1)
FN:26,(anonymous_2)
FNF:3
FNH:0
FNDA:0,sendSms
FNDA:0,(anonymous_1)
FNDA:0,(anonymous_2)
DA:5,0
DA:6,0
DA:7,0
DA:9,0
DA:11,0
DA:18,0
DA:19,0
DA:22,0
DA:27,0
DA:28,0
DA:29,0
DA:32,0
DA:33,0
DA:40,0
DA:41,0
DA:44,0
DA:45,0
LF:17
LH:0
BRDA:18,0,0,0
BRDA:18,0,1,0
BRDA:27,1,0,0
BRDA:27,1,1,0
BRF:4
BRH:0
end_of_record
TN:
SF:/home/kevin/work/lucidata/app/reducers/index.js
FNF:0
FNH:0
LF:0
LH:0
BRF:0
BRH:0
end_of_record
TN:
SF:/home/kevin/work/lucidata/app/reducers/smsReducers.js
FNF:0
FNH:0
DA:3,1
DA:7,1
DA:10,0
DA:15,0
DA:17,0
DA:19,0
LF:6
LH:2
BRF:0
BRH:0
end_of_record
TN:
SF:/home/kevin/work/lucidata/screens/directions.js
FN:27,(anonymous_0)
FN:31,(anonymous_1)
FN:34,(anonymous_2)
FN:46,(anonymous_3)
FN:52,(anonymous_4)
FN:59,(anonymous_5)
FN:63,(anonymous_6)
FN:69,(anonymous_7)
FN:74,(anonymous_8)
FN:88,(anonymous_9)
FN:99,(anonymous_10)
FN:122,(anonymous_11)
FN:126,(anonymous_12)
FN:155,mapDispatchToProps
FN:159,mapStateToProps
FNF:15
FNH:0
FNDA:0,(anonymous_0)
FNDA:0,(anonymous_1)
FNDA:0,(anonymous_2)
FNDA:0,(anonymous_3)
FNDA:0,(anonymous_4)
FNDA:0,(anonymous_5)
FNDA:0,(anonymous_6)
FNDA:0,(anonymous_7)
FNDA:0,(anonymous_8)
FNDA:0,(anonymous_9)
FNDA:0,(anonymous_10)
FNDA:0,(anonymous_11)
FNDA:0,(anonymous_12)
FNDA:0,mapDispatchToProps
FNDA:0,mapStateToProps
DA:28,0
DA:30,0
DA:32,0
DA:35,0
DA:38,0
DA:48,0
DA:51,0
DA:53,0
DA:54,0
DA:55,0
DA:58,0
DA:60,0
DA:64,0
DA:71,0
DA:74,0
DA:75,0
DA:76,0
DA:79,0
DA:80,0
DA:83,0
DA:90,0
DA:91,0
DA:92,0
DA:94,0
DA:95,0
DA:96,0
DA:98,0
DA:99,0
DA:100,0
DA:113,0
DA:117,0
DA:122,0
DA:126,0
DA:142,1
DA:156,0
DA:160,0
LF:36
LH:1
BRDA:79,0,0,0
BRDA:79,0,1,0
BRDA:79,1,0,0
BRDA:79,1,1,0
BRDA:96,2,0,0
BRDA:96,2,1,0
BRDA:98,3,0,0
BRDA:98,3,1,0
BRDA:130,4,0,0
BRDA:130,4,1,0
BRF:10
BRH:0
end_of_record
TN:
SF:/home/kevin/work/lucidata/screens/sports.js
FN:46,(anonymous_0)
FN:50,(anonymous_1)
FN:53,(anonymous_2)
FN:65,(anonymous_3)
FN:91,(anonymous_4)
FN:111,(anonymous_5)
FN:116,(anonymous_6)
FN:128,(anonymous_7)
FN:152,(anonymous_8)
FN:156,(anonymous_9)
FN:181,mapDispatchToProps
FN:185,mapStateToProps
FN:192,(anonymous_12)
FN:211,(anonymous_13)
FNF:14
FNH:2
FNDA:0,(anonymous_0)
FNDA:0,(anonymous_1)
FNDA:0,(anonymous_2)
FNDA:0,(anonymous_3)
FNDA:0,(anonymous_4)
FNDA:0,(anonymous_5)
FNDA:0,(anonymous_6)
FNDA:0,(anonymous_7)
FNDA:0,(anonymous_8)
FNDA:0,(anonymous_9)
FNDA:0,mapDispatchToProps
FNDA:0,mapStateToProps
FNDA:3,(anonymous_12)
FNDA:10,(anonymous_13)
DA:47,0
DA:49,0
DA:51,0
DA:54,0
DA:57,0
DA:66,0
DA:67,0
DA:69,0
DA:71,0
DA:78,0
DA:79,0
DA:81,0
DA:84,0
DA:87,0
DA:92,0
DA:93,0
DA:96,0
DA:103,0
DA:106,0
DA:113,0
DA:116,0
DA:117,0
DA:119,0
DA:120,0
DA:123,0
DA:130,0
DA:131,0
DA:133,0
DA:134,0
DA:135,0
DA:137,0
DA:143,0
DA:147,0
DA:152,0
DA:156,0
DA:172,2
DA:182,0
DA:186,0
DA:192,2
DA:193,3
DA:194,3
DA:195,1
DA:198,2
DA:200,2
DA:202,2
DA:203,7
DA:204,6
DA:207,2
DA:211,2
DA:212,10
DA:214,10
DA:215,10
DA:216,4
DA:218,6
DA:219,6
DA:220,6
DA:222,6
DA:223,2
DA:224,2
DA:226,6
LF:60
LH:23
BRDA:78,0,0,0
BRDA:78,0,1,0
BRDA:92,1,0,0
BRDA:92,1,1,0
BRDA:119,2,0,0
BRDA:119,2,1,0
BRDA:119,3,0,0
BRDA:119,3,1,0
BRDA:135,4,0,0
BRDA:135,4,1,0
BRDA:160,5,0,0
BRDA:160,5,1,0
BRDA:194,6,0,1
BRDA:194,6,1,2
BRDA:203,7,0,6
BRDA:203,7,1,1
BRDA:215,8,0,4
BRDA:215,8,1,6
BRDA:222,9,0,2
BRDA:222,9,1,4
BRF:20
BRH:8
end_of_record
TN:
SF:/home/kevin/work/lucidata/screens/weather.js
FN:27,(anonymous_0)
FN:31,(anonymous_1)
FN:34,(anonymous_2)
FN:46,(anonymous_3)
FN:54,(anonymous_4)
FN:62,(anonymous_5)
FN:66,(anonymous_6)
FN:75,(anonymous_7)
FN:82,(anonymous_8)
FN:87,(anonymous_9)
FN:101,(anonymous_10)
FN:116,(anonymous_11)
FN:125,(anonymous_12)
FN:145,(anonymous_13)
FN:184,(anonymous_14)
FN:188,(anonymous_15)
FN:193,(anonymous_16)
FN:198,(anonymous_17)
FN:230,mapDispatchToProps
FN:234,mapStateToProps
FNF:20
FNH:0
FNDA:0,(anonymous_0)
FNDA:0,(anonymous_1)
FNDA:0,(anonymous_2)
FNDA:0,(anonymous_3)
FNDA:0,(anonymous_4)
FNDA:0,(anonymous_5)
FNDA:0,(anonymous_6)
FNDA:0,(anonymous_7)
FNDA:0,(anonymous_8)
FNDA:0,(anonymous_9)
FNDA:0,(anonymous_10)
FNDA:0,(anonymous_11)
FNDA:0,(anonymous_12)
FNDA:0,(anonymous_13)
FNDA:0,(anonymous_14)
FNDA:0,(anonymous_15)
FNDA:0,(anonymous_16)
FNDA:0,(anonymous_17)
FNDA:0,mapDispatchToProps
FNDA:0,mapStateToProps
DA:28,0
DA:30,0
DA:32,0
DA:35,0
DA:38,0
DA:48,0
DA:51,0
DA:53,0
DA:55,0
DA:56,0
DA:58,0
DA:61,0
DA:63,0
DA:67,0
DA:72,0
DA:74,0
DA:76,0
DA:84,0
DA:87,0
DA:88,0
DA:89,0
DA:92,0
DA:93,0
DA:96,0
DA:103,0
DA:104,0
DA:105,0
DA:107,0
DA:110,0
DA:111,0
DA:112,0
DA:113,0
DA:116,0
DA:117,0
DA:123,0
DA:125,0
DA:126,0
DA:127,0
DA:128,0
DA:129,0
DA:130,0
DA:131,0
DA:143,0
DA:145,0
DA:146,0
DA:147,0
DA:148,0
DA:149,0
DA:150,0
DA:151,0
DA:152,0
DA:165,0
DA:167,0
DA:170,0
DA:175,0
DA:176,0
DA:179,0
DA:184,0
DA:188,0
DA:193,0
DA:198,0
DA:217,1
DA:231,0
DA:235,0
LF:64
LH:1
BRDA:51,0,0,0
BRDA:51,0,1,0
BRDA:92,1,0,0
BRDA:92,1,1,0
BRDA:92,2,0,0
BRDA:92,2,1,0
BRDA:112,3,0,0
BRDA:112,3,1,0
BRDA:113,4,0,0
BRDA:113,4,1,0
BRDA:113,4,2,0
BRDA:113,4,3,0
BRDA:126,5,0,0
BRDA:126,5,1,0
BRDA:127,6,0,0
BRDA:127,6,1,0
BRDA:128,7,0,0
BRDA:128,7,1,0
BRDA:129,8,0,0
BRDA:129,8,1,0
BRDA:130,9,0,0
BRDA:130,9,1,0
BRDA:136,10,0,0
BRDA:136,10,1,0
BRDA:136,11,0,0
BRDA:136,11,1,0
BRDA:146,12,0,0
BRDA:146,12,1,0
BRDA:147,13,0,0
BRDA:147,13,1,0
BRDA:148,14,0,0
BRDA:148,14,1,0
BRDA:149,15,0,0
BRDA:149,15,1,0
BRDA:150,16,0,0
BRDA:150,16,1,0
BRDA:151,17,0,0
BRDA:151,17,1,0
BRDA:158,18,0,0
BRDA:158,18,1,0
BRDA:158,19,0,0
BRDA:158,19,1,0
BRDA:205,20,0,0
BRDA:205,20,1,0
BRF:44
BRH:0
end_of_record
TN:
SF:/home/kevin/work/lucidata/screens/wikipedia.js
FN:26,(anonymous_0)
FN:30,(anonymous_1)
FN:33,(anonymous_2)
FN:45,(anonymous_3)
FN:51,(anonymous_4)
FN:57,(anonymous_5)
FN:62,(anonymous_6)
FN:76,(anonymous_7)
FN:100,(anonymous_8)
FN:104,(anonymous_9)
FN:129,mapDispatchToProps
FN:133,mapStateToProps
FNF:12
FNH:0
FNDA:0,(anonymous_0)
FNDA:0,(anonymous_1)
FNDA:0,(anonymous_2)
FNDA:0,(anonymous_3)
FNDA:0,(anonymous_4)
FNDA:0,(anonymous_5)
FNDA:0,(anonymous_6)
FNDA:0,(anonymous_7)
FNDA:0,(anonymous_8)
FNDA:0,(anonymous_9)
FNDA:0,mapDispatchToProps
FNDA:0,mapStateToProps
DA:27,0
DA:29,0
DA:31,0
DA:34,0
DA:37,0
DA:46,0
DA:49,0
DA:50,0
DA:52,0
DA:59,0
DA:62,0
DA:63,0
DA:64,0
DA:67,0
DA:68,0
DA:71,0
DA:78,0
DA:79,0
DA:81,0
DA:82,0
DA:83,0
DA:85,0
DA:91,0
DA:95,0
DA:100,0
DA:104,0
DA:120,1
DA:130,0
DA:134,0
LF:29
LH:1
BRDA:67,0,0,0
BRDA:67,0,1,0
BRDA:67,1,0,0
BRDA:67,1,1,0
BRDA:83,2,0,0
BRDA:83,2,1,0
BRDA:108,3,0,0
BRDA:108,3,1,0
BRF:8
BRH:0
end_of_record
