{"/home/kevin/work/lucidata/App.js": {"path":"/home/kevin/work/lucidata/App.js","statementMap":{"0":{"start":{"line":25,"column":25},"end":{"line":25,"column":83}},"1":{"start":{"line":25,"column":73},"end":{"line":25,"column":80}},"2":{"start":{"line":28,"column":21},"end":{"line":33,"column":5}},"3":{"start":{"line":34,"column":4},"end":{"line":34,"column":56}},"4":{"start":{"line":37,"column":14},"end":{"line":37,"column":32}},"5":{"start":{"line":42,"column":8},"end":{"line":49,"column":10}},"6":{"start":{"line":46,"column":35},"end":{"line":46,"column":78}},"7":{"start":{"line":54,"column":18},"end":{"line":66,"column":1}},"8":{"start":{"line":70,"column":8},"end":{"line":70,"column":29}},"9":{"start":{"line":74,"column":12},"end":{"line":78,"column":1}},"10":{"start":{"line":75,"column":4},"end":{"line":77,"column":15}},"11":{"start":{"line":83,"column":15},"end":{"line":95,"column":2}}},"fnMap":{"0":{"name":"(anonymous_0)","decl":{"start":{"line":25,"column":51},"end":{"line":25,"column":52}},"loc":{"start":{"line":25,"column":73},"end":{"line":25,"column":80}},"line":25},"1":{"name":"configureStore","decl":{"start":{"line":27,"column":9},"end":{"line":27,"column":23}},"loc":{"start":{"line":27,"column":38},"end":{"line":35,"column":1}},"line":27},"2":{"name":"(anonymous_2)","decl":{"start":{"line":41,"column":4},"end":{"line":41,"column":5}},"loc":{"start":{"line":41,"column":13},"end":{"line":50,"column":5}},"line":41},"3":{"name":"(anonymous_3)","decl":{"start":{"line":46,"column":29},"end":{"line":46,"column":30}},"loc":{"start":{"line":46,"column":35},"end":{"line":46,"column":78}},"line":46},"4":{"name":"(anonymous_4)","decl":{"start":{"line":69,"column":4},"end":{"line":69,"column":5}},"loc":{"start":{"line":69,"column":13},"end":{"line":71,"column":5}},"line":69},"5":{"name":"(anonymous_5)","decl":{"start":{"line":74,"column":12},"end":{"line":74,"column":13}},"loc":{"start":{"line":75,"column":4},"end":{"line":77,"column":15}},"line":75}},"branchMap":{},"s":{"0":1,"1":0,"2":1,"3":1,"4":1,"5":1,"6":0,"7":1,"8":1,"9":1,"10":1,"11":1},"f":{"0":0,"1":1,"2":1,"3":0,"4":1,"5":1},"b":{},"_coverageSchema":"332fd63041d2c1bcb487cc26dd0d5f7d97098a6c","hash":"fbe61507eb2081621c76eb25dd9ac624b76fab5b"}
,"/home/kevin/work/lucidata/app/actions/index.js": {"path":"/home/kevin/work/lucidata/app/actions/index.js","statementMap":{"0":{"start":{"line":3,"column":30},"end":{"line":5,"column":1}}},"fnMap":{},"branchMap":{},"s":{"0":1},"f":{},"b":{},"_coverageSchema":"332fd63041d2c1bcb487cc26dd0d5f7d97098a6c","hash":"de549ef9a6f11ce242373438549b11037d64b9c4"}
,"/home/kevin/work/lucidata/app/actions/smsActions.js": {"path":"/home/kevin/work/lucidata/app/actions/smsActions.js","statementMap":{"0":{"start":{"line":2,"column":4},"end":{"line":5,"column":5}},"1":{"start":{"line":9,"column":4},"end":{"line":12,"column":5}}},"fnMap":{"0":{"name":"setMessages","decl":{"start":{"line":1,"column":16},"end":{"line":1,"column":27}},"loc":{"start":{"line":1,"column":38},"end":{"line":6,"column":1}},"line":1},"1":{"name":"addMessage","decl":{"start":{"line":8,"column":16},"end":{"line":8,"column":26}},"loc":{"start":{"line":8,"column":36},"end":{"line":13,"column":1}},"line":8}},"branchMap":{},"s":{"0":0,"1":0},"f":{"0":0,"1":0},"b":{},"_coverageSchema":"332fd63041d2c1bcb487cc26dd0d5f7d97098a6c","hash":"6dd7daa56e6312cf49ba91b670634e2ed547ab83"}
,"/home/kevin/work/lucidata/app/lib/createReducer.js": {"path":"/home/kevin/work/lucidata/app/lib/createReducer.js","statementMap":{"0":{"start":{"line":2,"column":4},"end":{"line":8,"column":5}},"1":{"start":{"line":3,"column":8},"end":{"line":7,"column":9}},"2":{"start":{"line":4,"column":12},"end":{"line":4,"column":55}},"3":{"start":{"line":6,"column":12},"end":{"line":6,"column":24}}},"fnMap":{"0":{"name":"createReducer","decl":{"start":{"line":1,"column":24},"end":{"line":1,"column":37}},"loc":{"start":{"line":1,"column":62},"end":{"line":9,"column":1}},"line":1},"1":{"name":"reducer","decl":{"start":{"line":2,"column":20},"end":{"line":2,"column":27}},"loc":{"start":{"line":2,"column":58},"end":{"line":8,"column":5}},"line":2}},"branchMap":{"0":{"loc":{"start":{"line":2,"column":28},"end":{"line":2,"column":48}},"type":"default-arg","locations":[{"start":{"line":2,"column":36},"end":{"line":2,"column":48}}],"line":2},"1":{"loc":{"start":{"line":3,"column":8},"end":{"line":7,"column":9}},"type":"if","locations":[{"start":{"line":3,"column":8},"end":{"line":7,"column":9}},{"start":{"line":3,"column":8},"end":{"line":7,"column":9}}],"line":3}},"s":{"0":2,"1":6,"2":0,"3":6},"f":{"0":2,"1":6},"b":{"0":[6],"1":[0,6]},"_coverageSchema":"332fd63041d2c1bcb487cc26dd0d5f7d97098a6c","hash":"9e6b634eadc5de085b83b6e68c44aec701ee55d3"}
,"/home/kevin/work/lucidata/app/lib/parseSms.js": {"path":"/home/kevin/work/lucidata/app/lib/parseSms.js","statementMap":{"0":{"start":{"line":3,"column":19},"end":{"line":3,"column":33}},"1":{"start":{"line":4,"column":14},"end":{"line":4,"column":25}},"2":{"start":{"line":5,"column":4},"end":{"line":5,"column":23}},"3":{"start":{"line":7,"column":4},"end":{"line":22,"column":5}},"4":{"start":{"line":9,"column":12},"end":{"line":9,"column":48}},"5":{"start":{"line":10,"column":12},"end":{"line":10,"column":31}},"6":{"start":{"line":11,"column":12},"end":{"line":11,"column":18}},"7":{"start":{"line":13,"column":12},"end":{"line":13,"column":45}},"8":{"start":{"line":14,"column":12},"end":{"line":14,"column":31}},"9":{"start":{"line":15,"column":12},"end":{"line":15,"column":18}},"10":{"start":{"line":17,"column":12},"end":{"line":17,"column":46}},"11":{"start":{"line":18,"column":12},"end":{"line":18,"column":31}},"12":{"start":{"line":19,"column":12},"end":{"line":19,"column":18}},"13":{"start":{"line":21,"column":12},"end":{"line":21,"column":59}},"14":{"start":{"line":23,"column":4},"end":{"line":23,"column":14}}},"fnMap":{"0":{"name":"parseSms","decl":{"start":{"line":1,"column":24},"end":{"line":1,"column":32}},"loc":{"start":{"line":1,"column":42},"end":{"line":24,"column":1}},"line":1}},"branchMap":{"0":{"loc":{"start":{"line":7,"column":4},"end":{"line":22,"column":5}},"type":"switch","locations":[{"start":{"line":8,"column":8},"end":{"line":11,"column":18}},{"start":{"line":12,"column":8},"end":{"line":15,"column":18}},{"start":{"line":16,"column":8},"end":{"line":19,"column":18}},{"start":{"line":20,"column":8},"end":{"line":21,"column":59}}],"line":7}},"s":{"0":0,"1":0,"2":0,"3":0,"4":0,"5":0,"6":0,"7":0,"8":0,"9":0,"10":0,"11":0,"12":0,"13":0,"14":0},"f":{"0":0},"b":{"0":[0,0,0,0]},"_coverageSchema":"332fd63041d2c1bcb487cc26dd0d5f7d97098a6c","hash":"a70ac1f1ada57d50b94e787cb2fa00b2d67ace7e"}
,"/home/kevin/work/lucidata/app/lib/readTexts.js": {"path":"/home/kevin/work/lucidata/app/lib/readTexts.js","statementMap":{"0":{"start":{"line":4,"column":4},"end":{"line":36,"column":7}},"1":{"start":{"line":6,"column":19},"end":{"line":6,"column":21}},"2":{"start":{"line":8,"column":34},"end":{"line":8,"column":48}},"3":{"start":{"line":9,"column":30},"end":{"line":9,"column":44}},"4":{"start":{"line":11,"column":21},"end":{"line":18,"column":9}},"5":{"start":{"line":21,"column":8},"end":{"line":35,"column":10}},"6":{"start":{"line":24,"column":16},"end":{"line":24,"column":62}},"7":{"start":{"line":25,"column":16},"end":{"line":25,"column":28}},"8":{"start":{"line":29,"column":29},"end":{"line":29,"column":48}},"9":{"start":{"line":30,"column":16},"end":{"line":32,"column":19}},"10":{"start":{"line":31,"column":20},"end":{"line":31,"column":44}},"11":{"start":{"line":33,"column":16},"end":{"line":33,"column":30}}},"fnMap":{"0":{"name":"readTexts","decl":{"start":{"line":3,"column":24},"end":{"line":3,"column":33}},"loc":{"start":{"line":3,"column":36},"end":{"line":37,"column":1}},"line":3},"1":{"name":"(anonymous_1)","decl":{"start":{"line":4,"column":23},"end":{"line":4,"column":24}},"loc":{"start":{"line":4,"column":44},"end":{"line":36,"column":5}},"line":4},"2":{"name":"(anonymous_2)","decl":{"start":{"line":23,"column":12},"end":{"line":23,"column":13}},"loc":{"start":{"line":23,"column":22},"end":{"line":26,"column":13}},"line":23},"3":{"name":"(anonymous_3)","decl":{"start":{"line":28,"column":12},"end":{"line":28,"column":13}},"loc":{"start":{"line":28,"column":32},"end":{"line":34,"column":13}},"line":28},"4":{"name":"(anonymous_4)","decl":{"start":{"line":30,"column":31},"end":{"line":30,"column":32}},"loc":{"start":{"line":30,"column":42},"end":{"line":32,"column":17}},"line":30}},"branchMap":{},"s":{"0":0,"1":0,"2":0,"3":0,"4":0,"5":0,"6":0,"7":0,"8":0,"9":0,"10":0,"11":0},"f":{"0":0,"1":0,"2":0,"3":0,"4":0},"b":{},"_coverageSchema":"332fd63041d2c1bcb487cc26dd0d5f7d97098a6c","hash":"8fadcaaa0ba4b08479d7981c028294bb80b57d97"}
,"/home/kevin/work/lucidata/app/reducers/index.js": {"path":"/home/kevin/work/lucidata/app/reducers/index.js","statementMap":{},"fnMap":{},"branchMap":{},"s":{},"f":{},"b":{},"_coverageSchema":"332fd63041d2c1bcb487cc26dd0d5f7d97098a6c","hash":"aeefb48d2e11281da13ae318c6a472a50acd7349"}
,"/home/kevin/work/lucidata/app/reducers/smsReducers.js": {"path":"/home/kevin/work/lucidata/app/reducers/smsReducers.js","statementMap":{"0":{"start":{"line":3,"column":27},"end":{"line":5,"column":2}},"1":{"start":{"line":7,"column":24},"end":{"line":21,"column":2}},"2":{"start":{"line":10,"column":8},"end":{"line":10,"column":31}},"3":{"start":{"line":15,"column":26},"end":{"line":15,"column":39}},"4":{"start":{"line":17,"column":8},"end":{"line":17,"column":41}},"5":{"start":{"line":19,"column":8},"end":{"line":19,"column":27}}},"fnMap":{},"branchMap":{},"s":{"0":1,"1":1,"2":0,"3":0,"4":0,"5":0},"f":{},"b":{},"_coverageSchema":"332fd63041d2c1bcb487cc26dd0d5f7d97098a6c","hash":"8c9a06d850aa24f5a1658d6069ee40abec1fff5b"}
,"/home/kevin/work/lucidata/screens/wikipedia.js": {"path":"/home/kevin/work/lucidata/screens/wikipedia.js","statementMap":{"0":{"start":{"line":26,"column":8},"end":{"line":26,"column":21}},"1":{"start":{"line":28,"column":8},"end":{"line":34,"column":11}},"2":{"start":{"line":30,"column":12},"end":{"line":30,"column":41}},"3":{"start":{"line":33,"column":12},"end":{"line":33,"column":50}},"4":{"start":{"line":36,"column":8},"end":{"line":39,"column":10}},"5":{"start":{"line":45,"column":34},"end":{"line":45,"column":46}},"6":{"start":{"line":46,"column":30},"end":{"line":46,"column":42}},"7":{"start":{"line":47,"column":8},"end":{"line":85,"column":9}},"8":{"start":{"line":49,"column":28},"end":{"line":55,"column":13}},"9":{"start":{"line":56,"column":12},"end":{"line":82,"column":13}},"10":{"start":{"line":57,"column":16},"end":{"line":57,"column":61}},"11":{"start":{"line":59,"column":38},"end":{"line":59,"column":52}},"12":{"start":{"line":62,"column":16},"end":{"line":62,"column":52}},"13":{"start":{"line":65,"column":16},"end":{"line":77,"column":18}},"14":{"start":{"line":70,"column":24},"end":{"line":75,"column":25}},"15":{"start":{"line":71,"column":28},"end":{"line":71,"column":56}},"16":{"start":{"line":74,"column":28},"end":{"line":74,"column":71}},"17":{"start":{"line":81,"column":16},"end":{"line":81,"column":52}},"18":{"start":{"line":84,"column":12},"end":{"line":84,"column":55}},"19":{"start":{"line":91,"column":19},"end":{"line":91,"column":23}},"20":{"start":{"line":94,"column":8},"end":{"line":99,"column":10}},"21":{"start":{"line":96,"column":12},"end":{"line":96,"column":48}},"22":{"start":{"line":98,"column":12},"end":{"line":98,"column":49}},"23":{"start":{"line":104,"column":26},"end":{"line":104,"column":27}},"24":{"start":{"line":107,"column":25},"end":{"line":114,"column":17}},"25":{"start":{"line":108,"column":12},"end":{"line":108,"column":26}},"26":{"start":{"line":109,"column":12},"end":{"line":113,"column":13}},"27":{"start":{"line":116,"column":8},"end":{"line":137,"column":10}},"28":{"start":{"line":121,"column":50},"end":{"line":121,"column":77}},"29":{"start":{"line":125,"column":35},"end":{"line":125,"column":71}},"30":{"start":{"line":141,"column":15},"end":{"line":153,"column":2}},"31":{"start":{"line":156,"column":4},"end":{"line":156,"column":56}},"32":{"start":{"line":160,"column":4},"end":{"line":162,"column":5}}},"fnMap":{"0":{"name":"(anonymous_0)","decl":{"start":{"line":25,"column":4},"end":{"line":25,"column":5}},"loc":{"start":{"line":25,"column":23},"end":{"line":40,"column":5}},"line":25},"1":{"name":"(anonymous_1)","decl":{"start":{"line":29,"column":14},"end":{"line":29,"column":15}},"loc":{"start":{"line":29,"column":22},"end":{"line":31,"column":9}},"line":29},"2":{"name":"(anonymous_2)","decl":{"start":{"line":32,"column":15},"end":{"line":32,"column":16}},"loc":{"start":{"line":32,"column":22},"end":{"line":34,"column":9}},"line":32},"3":{"name":"(anonymous_3)","decl":{"start":{"line":44,"column":4},"end":{"line":44,"column":5}},"loc":{"start":{"line":44,"column":28},"end":{"line":86,"column":5}},"line":44},"4":{"name":"(anonymous_4)","decl":{"start":{"line":69,"column":20},"end":{"line":69,"column":21}},"loc":{"start":{"line":69,"column":38},"end":{"line":76,"column":21}},"line":69},"5":{"name":"(anonymous_5)","decl":{"start":{"line":89,"column":4},"end":{"line":89,"column":5}},"loc":{"start":{"line":89,"column":24},"end":{"line":100,"column":5}},"line":89},"6":{"name":"(anonymous_6)","decl":{"start":{"line":94,"column":32},"end":{"line":94,"column":33}},"loc":{"start":{"line":94,"column":43},"end":{"line":99,"column":9}},"line":94},"7":{"name":"(anonymous_7)","decl":{"start":{"line":103,"column":4},"end":{"line":103,"column":5}},"loc":{"start":{"line":103,"column":13},"end":{"line":138,"column":5}},"line":103},"8":{"name":"(anonymous_8)","decl":{"start":{"line":107,"column":71},"end":{"line":107,"column":72}},"loc":{"start":{"line":107,"column":89},"end":{"line":114,"column":9}},"line":107},"9":{"name":"(anonymous_9)","decl":{"start":{"line":121,"column":34},"end":{"line":121,"column":35}},"loc":{"start":{"line":121,"column":50},"end":{"line":121,"column":77}},"line":121},"10":{"name":"(anonymous_10)","decl":{"start":{"line":125,"column":29},"end":{"line":125,"column":30}},"loc":{"start":{"line":125,"column":35},"end":{"line":125,"column":71}},"line":125},"11":{"name":"mapDispatchToProps","decl":{"start":{"line":155,"column":9},"end":{"line":155,"column":27}},"loc":{"start":{"line":155,"column":38},"end":{"line":157,"column":1}},"line":155},"12":{"name":"mapStateToProps","decl":{"start":{"line":159,"column":9},"end":{"line":159,"column":24}},"loc":{"start":{"line":159,"column":32},"end":{"line":163,"column":1}},"line":159}},"branchMap":{"0":{"loc":{"start":{"line":56,"column":12},"end":{"line":82,"column":13}},"type":"if","locations":[{"start":{"line":56,"column":12},"end":{"line":82,"column":13}},{"start":{"line":56,"column":12},"end":{"line":82,"column":13}}],"line":56},"1":{"loc":{"start":{"line":70,"column":24},"end":{"line":75,"column":25}},"type":"if","locations":[{"start":{"line":70,"column":24},"end":{"line":75,"column":25}},{"start":{"line":70,"column":24},"end":{"line":75,"column":25}}],"line":70},"2":{"loc":{"start":{"line":107,"column":25},"end":{"line":114,"column":17}},"type":"cond-expr","locations":[{"start":{"line":107,"column":47},"end":{"line":114,"column":10}},{"start":{"line":114,"column":13},"end":{"line":114,"column":17}}],"line":107},"3":{"loc":{"start":{"line":118,"column":17},"end":{"line":118,"column":65}},"type":"cond-expr","locations":[{"start":{"line":118,"column":50},"end":{"line":118,"column":58}},{"start":{"line":118,"column":61},"end":{"line":118,"column":65}}],"line":118},"4":{"loc":{"start":{"line":129,"column":17},"end":{"line":134,"column":24}},"type":"cond-expr","locations":[{"start":{"line":131,"column":20},"end":{"line":131,"column":70}},{"start":{"line":134,"column":20},"end":{"line":134,"column":24}}],"line":129}},"s":{"0":0,"1":0,"2":0,"3":0,"4":0,"5":0,"6":0,"7":0,"8":0,"9":0,"10":0,"11":0,"12":0,"13":0,"14":0,"15":0,"16":0,"17":0,"18":0,"19":0,"20":0,"21":0,"22":0,"23":0,"24":0,"25":0,"26":0,"27":0,"28":0,"29":0,"30":1,"31":0,"32":0},"f":{"0":0,"1":0,"2":0,"3":0,"4":0,"5":0,"6":0,"7":0,"8":0,"9":0,"10":0,"11":0,"12":0},"b":{"0":[0,0],"1":[0,0],"2":[0,0],"3":[0,0],"4":[0,0]},"_coverageSchema":"332fd63041d2c1bcb487cc26dd0d5f7d97098a6c","hash":"655dfa96a6e35aededc4950d228b5a9268a9565d"}
}
