TN:
SF:/home/kevin/work/lucidata/App.js
FN:25,(anonymous_0)
FN:27,configureStore
FN:41,(anonymous_2)
FN:46,(anonymous_3)
FN:69,(anonymous_4)
FN:74,(anonymous_5)
FNF:6
FNH:4
FNDA:0,(anonymous_0)
FNDA:1,configureStore
FNDA:1,(anonymous_2)
FNDA:0,(anonymous_3)
FNDA:1,(anonymous_4)
FNDA:1,(anonymous_5)
DA:25,1
DA:28,1
DA:34,1
DA:37,1
DA:42,1
DA:46,0
DA:54,1
DA:70,1
DA:74,1
DA:75,1
DA:83,1
LF:11
LH:10
BRF:0
BRH:0
end_of_record
TN:
SF:/home/kevin/work/lucidata/app/actions/index.js
FNF:0
FNH:0
DA:3,1
LF:1
LH:1
BRF:0
BRH:0
end_of_record
TN:
SF:/home/kevin/work/lucidata/app/actions/smsActions.js
FN:1,setMessages
FN:8,addMessage
FNF:2
FNH:0
FNDA:0,setMessages
FNDA:0,addMessage
DA:2,0
DA:9,0
LF:2
LH:0
BRF:0
BRH:0
end_of_record
TN:
SF:/home/kevin/work/lucidata/app/lib/createReducer.js
FN:1,createReducer
FN:2,reducer
FNF:2
FNH:2
FNDA:2,createReducer
FNDA:6,reducer
DA:2,2
DA:3,6
DA:4,0
DA:6,6
LF:4
LH:3
BRDA:2,0,0,6
BRDA:3,1,0,0
BRDA:3,1,1,6
BRF:3
BRH:2
end_of_record
TN:
SF:/home/kevin/work/lucidata/app/lib/parseSms.js
FN:1,parseSms
FNF:1
FNH:0
FNDA:0,parseSms
DA:3,0
DA:4,0
DA:5,0
DA:7,0
DA:9,0
DA:10,0
DA:11,0
DA:13,0
DA:14,0
DA:15,0
DA:17,0
DA:18,0
DA:19,0
DA:21,0
DA:23,0
LF:15
LH:0
BRDA:7,0,0,0
BRDA:7,0,1,0
BRDA:7,0,2,0
BRDA:7,0,3,0
BRF:4
BRH:0
end_of_record
TN:
SF:/home/kevin/work/lucidata/app/lib/readTexts.js
FN:3,readTexts
FN:4,(anonymous_1)
FN:23,(anonymous_2)
FN:28,(anonymous_3)
FN:30,(anonymous_4)
FNF:5
FNH:0
FNDA:0,readTexts
FNDA:0,(anonymous_1)
FNDA:0,(anonymous_2)
FNDA:0,(anonymous_3)
FNDA:0,(anonymous_4)
DA:4,0
DA:6,0
DA:8,0
DA:9,0
DA:11,0
DA:21,0
DA:24,0
DA:25,0
DA:29,0
DA:30,0
DA:31,0
DA:33,0
LF:12
LH:0
BRF:0
BRH:0
end_of_record
TN:
SF:/home/kevin/work/lucidata/app/reducers/index.js
FNF:0
FNH:0
LF:0
LH:0
BRF:0
BRH:0
end_of_record
TN:
SF:/home/kevin/work/lucidata/app/reducers/smsReducers.js
FNF:0
FNH:0
DA:3,1
DA:7,1
DA:10,0
DA:15,0
DA:17,0
DA:19,0
LF:6
LH:2
BRF:0
BRH:0
end_of_record
TN:
SF:/home/kevin/work/lucidata/screens/wikipedia.js
FN:25,(anonymous_0)
FN:29,(anonymous_1)
FN:32,(anonymous_2)
FN:44,(anonymous_3)
FN:69,(anonymous_4)
FN:89,(anonymous_5)
FN:94,(anonymous_6)
FN:103,(anonymous_7)
FN:107,(anonymous_8)
FN:121,(anonymous_9)
FN:125,(anonymous_10)
FN:155,mapDispatchToProps
FN:159,mapStateToProps
FNF:13
FNH:0
FNDA:0,(anonymous_0)
FNDA:0,(anonymous_1)
FNDA:0,(anonymous_2)
FNDA:0,(anonymous_3)
FNDA:0,(anonymous_4)
FNDA:0,(anonymous_5)
FNDA:0,(anonymous_6)
FNDA:0,(anonymous_7)
FNDA:0,(anonymous_8)
FNDA:0,(anonymous_9)
FNDA:0,(anonymous_10)
FNDA:0,mapDispatchToProps
FNDA:0,mapStateToProps
DA:26,0
DA:28,0
DA:30,0
DA:33,0
DA:36,0
DA:45,0
DA:46,0
DA:47,0
DA:49,0
DA:56,0
DA:57,0
DA:59,0
DA:62,0
DA:65,0
DA:70,0
DA:71,0
DA:74,0
DA:81,0
DA:84,0
DA:91,0
DA:94,0
DA:96,0
DA:98,0
DA:104,0
DA:107,0
DA:108,0
DA:109,0
DA:116,0
DA:121,0
DA:125,0
DA:141,1
DA:156,0
DA:160,0
LF:33
LH:1
BRDA:56,0,0,0
BRDA:56,0,1,0
BRDA:70,1,0,0
BRDA:70,1,1,0
BRDA:107,2,0,0
BRDA:107,2,1,0
BRDA:118,3,0,0
BRDA:118,3,1,0
BRDA:129,4,0,0
BRDA:129,4,1,0
BRF:10
BRH:0
end_of_record
