{"/home/kevin/work/lucidata/App.js": {"path":"/home/kevin/work/lucidata/App.js","statementMap":{"0":{"start":{"line":28,"column":25},"end":{"line":28,"column":83}},"1":{"start":{"line":28,"column":73},"end":{"line":28,"column":80}},"2":{"start":{"line":31,"column":21},"end":{"line":36,"column":5}},"3":{"start":{"line":37,"column":4},"end":{"line":37,"column":56}},"4":{"start":{"line":40,"column":14},"end":{"line":40,"column":32}},"5":{"start":{"line":45,"column":24},"end":{"line":45,"column":72}},"6":{"start":{"line":46,"column":24},"end":{"line":54,"column":10}},"7":{"start":{"line":47,"column":12},"end":{"line":53,"column":13}},"8":{"start":{"line":51,"column":35},"end":{"line":51,"column":73}},"9":{"start":{"line":56,"column":8},"end":{"line":78,"column":10}},"10":{"start":{"line":83,"column":18},"end":{"line":94,"column":1}},"11":{"start":{"line":98,"column":8},"end":{"line":98,"column":29}},"12":{"start":{"line":102,"column":12},"end":{"line":106,"column":1}},"13":{"start":{"line":103,"column":4},"end":{"line":105,"column":15}},"14":{"start":{"line":111,"column":15},"end":{"line":142,"column":2}}},"fnMap":{"0":{"name":"(anonymous_0)","decl":{"start":{"line":28,"column":51},"end":{"line":28,"column":52}},"loc":{"start":{"line":28,"column":73},"end":{"line":28,"column":80}},"line":28},"1":{"name":"configureStore","decl":{"start":{"line":30,"column":9},"end":{"line":30,"column":23}},"loc":{"start":{"line":30,"column":38},"end":{"line":38,"column":1}},"line":30},"2":{"name":"(anonymous_2)","decl":{"start":{"line":44,"column":4},"end":{"line":44,"column":5}},"loc":{"start":{"line":44,"column":13},"end":{"line":79,"column":5}},"line":44},"3":{"name":"(anonymous_3)","decl":{"start":{"line":46,"column":36},"end":{"line":46,"column":37}},"loc":{"start":{"line":46,"column":46},"end":{"line":54,"column":9}},"line":46},"4":{"name":"(anonymous_4)","decl":{"start":{"line":51,"column":29},"end":{"line":51,"column":30}},"loc":{"start":{"line":51,"column":35},"end":{"line":51,"column":73}},"line":51},"5":{"name":"(anonymous_5)","decl":{"start":{"line":97,"column":4},"end":{"line":97,"column":5}},"loc":{"start":{"line":97,"column":13},"end":{"line":99,"column":5}},"line":97},"6":{"name":"(anonymous_6)","decl":{"start":{"line":102,"column":12},"end":{"line":102,"column":13}},"loc":{"start":{"line":103,"column":4},"end":{"line":105,"column":15}},"line":103}},"branchMap":{},"s":{"0":1,"1":0,"2":1,"3":1,"4":1,"5":1,"6":1,"7":4,"8":0,"9":1,"10":1,"11":1,"12":1,"13":1,"14":1},"f":{"0":0,"1":1,"2":1,"3":4,"4":0,"5":1,"6":1},"b":{},"_coverageSchema":"332fd63041d2c1bcb487cc26dd0d5f7d97098a6c","hash":"ea725e9e9db8a274314b6e7c5d46b1845b81541c"}
,"/home/kevin/work/lucidata/app/actions/index.js": {"path":"/home/kevin/work/lucidata/app/actions/index.js","statementMap":{"0":{"start":{"line":3,"column":30},"end":{"line":5,"column":1}}},"fnMap":{},"branchMap":{},"s":{"0":2},"f":{},"b":{},"_coverageSchema":"332fd63041d2c1bcb487cc26dd0d5f7d97098a6c","hash":"de549ef9a6f11ce242373438549b11037d64b9c4"}
,"/home/kevin/work/lucidata/app/actions/smsActions.js": {"path":"/home/kevin/work/lucidata/app/actions/smsActions.js","statementMap":{"0":{"start":{"line":2,"column":4},"end":{"line":5,"column":5}},"1":{"start":{"line":9,"column":4},"end":{"line":12,"column":5}}},"fnMap":{"0":{"name":"setMessages","decl":{"start":{"line":1,"column":16},"end":{"line":1,"column":27}},"loc":{"start":{"line":1,"column":38},"end":{"line":6,"column":1}},"line":1},"1":{"name":"addMessage","decl":{"start":{"line":8,"column":16},"end":{"line":8,"column":26}},"loc":{"start":{"line":8,"column":36},"end":{"line":13,"column":1}},"line":8}},"branchMap":{},"s":{"0":0,"1":0},"f":{"0":0,"1":0},"b":{},"_coverageSchema":"332fd63041d2c1bcb487cc26dd0d5f7d97098a6c","hash":"6dd7daa56e6312cf49ba91b670634e2ed547ab83"}
,"/home/kevin/work/lucidata/app/lib/createReducer.js": {"path":"/home/kevin/work/lucidata/app/lib/createReducer.js","statementMap":{"0":{"start":{"line":2,"column":4},"end":{"line":8,"column":5}},"1":{"start":{"line":3,"column":8},"end":{"line":7,"column":9}},"2":{"start":{"line":4,"column":12},"end":{"line":4,"column":55}},"3":{"start":{"line":6,"column":12},"end":{"line":6,"column":24}}},"fnMap":{"0":{"name":"createReducer","decl":{"start":{"line":1,"column":24},"end":{"line":1,"column":37}},"loc":{"start":{"line":1,"column":62},"end":{"line":9,"column":1}},"line":1},"1":{"name":"reducer","decl":{"start":{"line":2,"column":20},"end":{"line":2,"column":27}},"loc":{"start":{"line":2,"column":58},"end":{"line":8,"column":5}},"line":2}},"branchMap":{"0":{"loc":{"start":{"line":2,"column":28},"end":{"line":2,"column":48}},"type":"default-arg","locations":[{"start":{"line":2,"column":36},"end":{"line":2,"column":48}}],"line":2},"1":{"loc":{"start":{"line":3,"column":8},"end":{"line":7,"column":9}},"type":"if","locations":[{"start":{"line":3,"column":8},"end":{"line":7,"column":9}},{"start":{"line":3,"column":8},"end":{"line":7,"column":9}}],"line":3}},"s":{"0":2,"1":6,"2":0,"3":6},"f":{"0":2,"1":6},"b":{"0":[6],"1":[0,6]},"_coverageSchema":"332fd63041d2c1bcb487cc26dd0d5f7d97098a6c","hash":"9e6b634eadc5de085b83b6e68c44aec701ee55d3"}
,"/home/kevin/work/lucidata/app/lib/getLocation.js": {"path":"/home/kevin/work/lucidata/app/lib/getLocation.js","statementMap":{"0":{"start":{"line":4,"column":4},"end":{"line":41,"column":7}},"1":{"start":{"line":5,"column":8},"end":{"line":40,"column":9}},"2":{"start":{"line":7,"column":28},"end":{"line":13,"column":13}},"3":{"start":{"line":14,"column":12},"end":{"line":36,"column":13}},"4":{"start":{"line":15,"column":16},"end":{"line":15,"column":69}},"5":{"start":{"line":18,"column":40},"end":{"line":21,"column":17}},"6":{"start":{"line":19,"column":20},"end":{"line":19,"column":59}},"7":{"start":{"line":20,"column":20},"end":{"line":20,"column":38}},"8":{"start":{"line":24,"column":38},"end":{"line":26,"column":17}},"9":{"start":{"line":25,"column":20},"end":{"line":25,"column":34}},"10":{"start":{"line":30,"column":16},"end":{"line":30,"column":93}},"11":{"start":{"line":34,"column":16},"end":{"line":34,"column":61}},"12":{"start":{"line":35,"column":16},"end":{"line":35,"column":30}},"13":{"start":{"line":38,"column":12},"end":{"line":38,"column":84}},"14":{"start":{"line":39,"column":12},"end":{"line":39,"column":25}}},"fnMap":{"0":{"name":"getLocation","decl":{"start":{"line":3,"column":24},"end":{"line":3,"column":35}},"loc":{"start":{"line":3,"column":38},"end":{"line":42,"column":1}},"line":3},"1":{"name":"(anonymous_1)","decl":{"start":{"line":4,"column":23},"end":{"line":4,"column":24}},"loc":{"start":{"line":4,"column":50},"end":{"line":41,"column":5}},"line":4},"2":{"name":"(anonymous_2)","decl":{"start":{"line":18,"column":40},"end":{"line":18,"column":41}},"loc":{"start":{"line":18,"column":54},"end":{"line":21,"column":17}},"line":18},"3":{"name":"(anonymous_3)","decl":{"start":{"line":24,"column":38},"end":{"line":24,"column":39}},"loc":{"start":{"line":24,"column":49},"end":{"line":26,"column":17}},"line":24}},"branchMap":{"0":{"loc":{"start":{"line":14,"column":12},"end":{"line":36,"column":13}},"type":"if","locations":[{"start":{"line":14,"column":12},"end":{"line":36,"column":13}},{"start":{"line":14,"column":12},"end":{"line":36,"column":13}}],"line":14}},"s":{"0":0,"1":0,"2":0,"3":0,"4":0,"5":0,"6":0,"7":0,"8":0,"9":0,"10":0,"11":0,"12":0,"13":0,"14":0},"f":{"0":0,"1":0,"2":0,"3":0},"b":{"0":[0,0]},"_coverageSchema":"332fd63041d2c1bcb487cc26dd0d5f7d97098a6c","hash":"71970a100c783b1955927ad0ac4a92cb656b9e53"}
,"/home/kevin/work/lucidata/app/lib/parseSms.js": {"path":"/home/kevin/work/lucidata/app/lib/parseSms.js","statementMap":{"0":{"start":{"line":2,"column":4},"end":{"line":58,"column":5}},"1":{"start":{"line":4,"column":40},"end":{"line":4,"column":80}},"2":{"start":{"line":5,"column":8},"end":{"line":7,"column":9}},"3":{"start":{"line":6,"column":12},"end":{"line":6,"column":74}},"4":{"start":{"line":10,"column":22},"end":{"line":10,"column":39}},"5":{"start":{"line":11,"column":28},"end":{"line":11,"column":29}},"6":{"start":{"line":12,"column":8},"end":{"line":52,"column":9}},"7":{"start":{"line":15,"column":27},"end":{"line":15,"column":62}},"8":{"start":{"line":17,"column":16},"end":{"line":19,"column":17}},"9":{"start":{"line":18,"column":20},"end":{"line":18,"column":62}},"10":{"start":{"line":20,"column":16},"end":{"line":20,"column":54}},"11":{"start":{"line":21,"column":16},"end":{"line":21,"column":22}},"12":{"start":{"line":23,"column":37},"end":{"line":23,"column":39}},"13":{"start":{"line":25,"column":16},"end":{"line":44,"column":17}},"14":{"start":{"line":27,"column":43},"end":{"line":27,"column":77}},"15":{"start":{"line":29,"column":48},"end":{"line":29,"column":73}},"16":{"start":{"line":31,"column":20},"end":{"line":43,"column":23}},"17":{"start":{"line":32,"column":39},"end":{"line":32,"column":41}},"18":{"start":{"line":33,"column":35},"end":{"line":33,"column":37}},"19":{"start":{"line":34,"column":24},"end":{"line":41,"column":25}},"20":{"start":{"line":35,"column":50},"end":{"line":35,"column":51}},"21":{"start":{"line":36,"column":48},"end":{"line":36,"column":70}},"22":{"start":{"line":37,"column":28},"end":{"line":37,"column":87}},"23":{"start":{"line":38,"column":28},"end":{"line":38,"column":72}},"24":{"start":{"line":40,"column":28},"end":{"line":40,"column":38}},"25":{"start":{"line":42,"column":24},"end":{"line":42,"column":50}},"26":{"start":{"line":45,"column":16},"end":{"line":45,"column":75}},"27":{"start":{"line":46,"column":16},"end":{"line":46,"column":22}},"28":{"start":{"line":48,"column":20},"end":{"line":48,"column":58}},"29":{"start":{"line":50,"column":16},"end":{"line":50,"column":42}},"30":{"start":{"line":51,"column":16},"end":{"line":51,"column":22}},"31":{"start":{"line":57,"column":8},"end":{"line":57,"column":34}}},"fnMap":{"0":{"name":"parseSms","decl":{"start":{"line":1,"column":24},"end":{"line":1,"column":32}},"loc":{"start":{"line":1,"column":42},"end":{"line":59,"column":1}},"line":1},"1":{"name":"(anonymous_1)","decl":{"start":{"line":31,"column":61},"end":{"line":31,"column":62}},"loc":{"start":{"line":31,"column":74},"end":{"line":43,"column":21}},"line":31}},"branchMap":{"0":{"loc":{"start":{"line":2,"column":4},"end":{"line":58,"column":5}},"type":"if","locations":[{"start":{"line":2,"column":4},"end":{"line":58,"column":5}},{"start":{"line":2,"column":4},"end":{"line":58,"column":5}}],"line":2},"1":{"loc":{"start":{"line":2,"column":8},"end":{"line":2,"column":57}},"type":"binary-expr","locations":[{"start":{"line":2,"column":8},"end":{"line":2,"column":35}},{"start":{"line":2,"column":39},"end":{"line":2,"column":57}}],"line":2},"2":{"loc":{"start":{"line":5,"column":8},"end":{"line":7,"column":9}},"type":"if","locations":[{"start":{"line":5,"column":8},"end":{"line":7,"column":9}},{"start":{"line":5,"column":8},"end":{"line":7,"column":9}}],"line":5},"3":{"loc":{"start":{"line":12,"column":8},"end":{"line":52,"column":9}},"type":"switch","locations":[{"start":{"line":14,"column":12},"end":{"line":21,"column":22}},{"start":{"line":22,"column":12},"end":{"line":46,"column":22}},{"start":{"line":47,"column":16},"end":{"line":48,"column":58}},{"start":{"line":49,"column":12},"end":{"line":51,"column":22}}],"line":12},"4":{"loc":{"start":{"line":17,"column":16},"end":{"line":19,"column":17}},"type":"if","locations":[{"start":{"line":17,"column":16},"end":{"line":19,"column":17}},{"start":{"line":17,"column":16},"end":{"line":19,"column":17}}],"line":17},"5":{"loc":{"start":{"line":25,"column":16},"end":{"line":44,"column":17}},"type":"if","locations":[{"start":{"line":25,"column":16},"end":{"line":44,"column":17}},{"start":{"line":25,"column":16},"end":{"line":44,"column":17}}],"line":25}},"s":{"0":4,"1":4,"2":4,"3":0,"4":4,"5":4,"6":4,"7":1,"8":1,"9":1,"10":1,"11":0,"12":1,"13":1,"14":1,"15":1,"16":1,"17":2,"18":2,"19":2,"20":2,"21":2,"22":2,"23":2,"24":0,"25":2,"26":1,"27":0,"28":1,"29":1,"30":0,"31":0},"f":{"0":4,"1":2},"b":{"0":[4,0],"1":[4,4],"2":[0,4],"3":[1,1,1,1],"4":[1,0],"5":[1,0]},"_coverageSchema":"332fd63041d2c1bcb487cc26dd0d5f7d97098a6c","hash":"1ee415b84fd934c7d2566819f264ae00347113d3"}
,"/home/kevin/work/lucidata/app/lib/readTexts.js": {"path":"/home/kevin/work/lucidata/app/lib/readTexts.js","statementMap":{"0":{"start":{"line":5,"column":4},"end":{"line":44,"column":7}},"1":{"start":{"line":7,"column":19},"end":{"line":7,"column":21}},"2":{"start":{"line":9,"column":34},"end":{"line":9,"column":48}},"3":{"start":{"line":10,"column":30},"end":{"line":10,"column":44}},"4":{"start":{"line":12,"column":21},"end":{"line":19,"column":9}},"5":{"start":{"line":22,"column":8},"end":{"line":43,"column":10}},"6":{"start":{"line":25,"column":16},"end":{"line":25,"column":62}},"7":{"start":{"line":26,"column":16},"end":{"line":26,"column":28}},"8":{"start":{"line":30,"column":16},"end":{"line":30,"column":50}},"9":{"start":{"line":31,"column":29},"end":{"line":31,"column":48}},"10":{"start":{"line":32,"column":16},"end":{"line":40,"column":19}},"11":{"start":{"line":34,"column":42},"end":{"line":34,"column":64}},"12":{"start":{"line":37,"column":20},"end":{"line":39,"column":21}},"13":{"start":{"line":38,"column":24},"end":{"line":38,"column":49}},"14":{"start":{"line":41,"column":16},"end":{"line":41,"column":30}}},"fnMap":{"0":{"name":"readTexts","decl":{"start":{"line":4,"column":24},"end":{"line":4,"column":33}},"loc":{"start":{"line":4,"column":36},"end":{"line":45,"column":1}},"line":4},"1":{"name":"(anonymous_1)","decl":{"start":{"line":5,"column":23},"end":{"line":5,"column":24}},"loc":{"start":{"line":5,"column":44},"end":{"line":44,"column":5}},"line":5},"2":{"name":"(anonymous_2)","decl":{"start":{"line":24,"column":12},"end":{"line":24,"column":13}},"loc":{"start":{"line":24,"column":22},"end":{"line":27,"column":13}},"line":24},"3":{"name":"(anonymous_3)","decl":{"start":{"line":29,"column":12},"end":{"line":29,"column":13}},"loc":{"start":{"line":29,"column":32},"end":{"line":42,"column":13}},"line":29},"4":{"name":"(anonymous_4)","decl":{"start":{"line":32,"column":31},"end":{"line":32,"column":32}},"loc":{"start":{"line":32,"column":42},"end":{"line":40,"column":17}},"line":32}},"branchMap":{"0":{"loc":{"start":{"line":37,"column":20},"end":{"line":39,"column":21}},"type":"if","locations":[{"start":{"line":37,"column":20},"end":{"line":39,"column":21}},{"start":{"line":37,"column":20},"end":{"line":39,"column":21}}],"line":37},"1":{"loc":{"start":{"line":37,"column":24},"end":{"line":37,"column":74}},"type":"binary-expr","locations":[{"start":{"line":37,"column":24},"end":{"line":37,"column":37}},{"start":{"line":37,"column":41},"end":{"line":37,"column":74}}],"line":37}},"s":{"0":0,"1":0,"2":0,"3":0,"4":0,"5":0,"6":0,"7":0,"8":0,"9":0,"10":0,"11":0,"12":0,"13":0,"14":0},"f":{"0":0,"1":0,"2":0,"3":0,"4":0},"b":{"0":[0,0],"1":[0,0]},"_coverageSchema":"332fd63041d2c1bcb487cc26dd0d5f7d97098a6c","hash":"38d32deb8a6c0536ff685cb6feb810f1f927c9c4"}
,"/home/kevin/work/lucidata/app/lib/sendSms.js": {"path":"/home/kevin/work/lucidata/app/lib/sendSms.js","statementMap":{"0":{"start":{"line":5,"column":4},"end":{"line":47,"column":7}},"1":{"start":{"line":6,"column":34},"end":{"line":6,"column":46}},"2":{"start":{"line":7,"column":30},"end":{"line":7,"column":42}},"3":{"start":{"line":9,"column":8},"end":{"line":46,"column":9}},"4":{"start":{"line":11,"column":28},"end":{"line":17,"column":13}},"5":{"start":{"line":18,"column":12},"end":{"line":42,"column":13}},"6":{"start":{"line":19,"column":16},"end":{"line":19,"column":62}},"7":{"start":{"line":22,"column":16},"end":{"line":36,"column":18}},"8":{"start":{"line":27,"column":24},"end":{"line":34,"column":25}},"9":{"start":{"line":28,"column":28},"end":{"line":28,"column":56}},"10":{"start":{"line":29,"column":28},"end":{"line":29,"column":42}},"11":{"start":{"line":32,"column":28},"end":{"line":32,"column":71}},"12":{"start":{"line":33,"column":28},"end":{"line":33,"column":42}},"13":{"start":{"line":40,"column":16},"end":{"line":40,"column":53}},"14":{"start":{"line":41,"column":16},"end":{"line":41,"column":30}},"15":{"start":{"line":44,"column":12},"end":{"line":44,"column":56}},"16":{"start":{"line":45,"column":12},"end":{"line":45,"column":25}}},"fnMap":{"0":{"name":"sendSms","decl":{"start":{"line":4,"column":24},"end":{"line":4,"column":31}},"loc":{"start":{"line":4,"column":47},"end":{"line":48,"column":1}},"line":4},"1":{"name":"(anonymous_1)","decl":{"start":{"line":5,"column":23},"end":{"line":5,"column":24}},"loc":{"start":{"line":5,"column":50},"end":{"line":47,"column":5}},"line":5},"2":{"name":"(anonymous_2)","decl":{"start":{"line":26,"column":20},"end":{"line":26,"column":21}},"loc":{"start":{"line":26,"column":38},"end":{"line":35,"column":21}},"line":26}},"branchMap":{"0":{"loc":{"start":{"line":18,"column":12},"end":{"line":42,"column":13}},"type":"if","locations":[{"start":{"line":18,"column":12},"end":{"line":42,"column":13}},{"start":{"line":18,"column":12},"end":{"line":42,"column":13}}],"line":18},"1":{"loc":{"start":{"line":27,"column":24},"end":{"line":34,"column":25}},"type":"if","locations":[{"start":{"line":27,"column":24},"end":{"line":34,"column":25}},{"start":{"line":27,"column":24},"end":{"line":34,"column":25}}],"line":27}},"s":{"0":0,"1":0,"2":0,"3":0,"4":0,"5":0,"6":0,"7":0,"8":0,"9":0,"10":0,"11":0,"12":0,"13":0,"14":0,"15":0,"16":0},"f":{"0":0,"1":0,"2":0},"b":{"0":[0,0],"1":[0,0]},"_coverageSchema":"332fd63041d2c1bcb487cc26dd0d5f7d97098a6c","hash":"f5de2dde4a98d6852a157e1cc590bda0dcdf901f"}
,"/home/kevin/work/lucidata/app/reducers/index.js": {"path":"/home/kevin/work/lucidata/app/reducers/index.js","statementMap":{},"fnMap":{},"branchMap":{},"s":{},"f":{},"b":{},"_coverageSchema":"332fd63041d2c1bcb487cc26dd0d5f7d97098a6c","hash":"aeefb48d2e11281da13ae318c6a472a50acd7349"}
,"/home/kevin/work/lucidata/app/reducers/smsReducers.js": {"path":"/home/kevin/work/lucidata/app/reducers/smsReducers.js","statementMap":{"0":{"start":{"line":3,"column":27},"end":{"line":5,"column":2}},"1":{"start":{"line":7,"column":24},"end":{"line":21,"column":2}},"2":{"start":{"line":10,"column":8},"end":{"line":10,"column":31}},"3":{"start":{"line":15,"column":26},"end":{"line":15,"column":39}},"4":{"start":{"line":17,"column":8},"end":{"line":17,"column":44}},"5":{"start":{"line":19,"column":8},"end":{"line":19,"column":27}}},"fnMap":{},"branchMap":{},"s":{"0":1,"1":1,"2":0,"3":0,"4":0,"5":0},"f":{},"b":{},"_coverageSchema":"332fd63041d2c1bcb487cc26dd0d5f7d97098a6c","hash":"dfcb0802eeb8fa53d17ee9ddb025a6f0a44522eb"}
,"/home/kevin/work/lucidata/screens/directions.js": {"path":"/home/kevin/work/lucidata/screens/directions.js","statementMap":{"0":{"start":{"line":28,"column":8},"end":{"line":28,"column":21}},"1":{"start":{"line":30,"column":8},"end":{"line":36,"column":11}},"2":{"start":{"line":32,"column":12},"end":{"line":32,"column":41}},"3":{"start":{"line":35,"column":12},"end":{"line":35,"column":50}},"4":{"start":{"line":38,"column":8},"end":{"line":41,"column":10}},"5":{"start":{"line":48,"column":8},"end":{"line":48,"column":44}},"6":{"start":{"line":51,"column":8},"end":{"line":65,"column":11}},"7":{"start":{"line":53,"column":29},"end":{"line":53,"column":64}},"8":{"start":{"line":54,"column":30},"end":{"line":54,"column":66}},"9":{"start":{"line":55,"column":32},"end":{"line":55,"column":85}},"10":{"start":{"line":58,"column":12},"end":{"line":61,"column":14}},"11":{"start":{"line":60,"column":16},"end":{"line":60,"column":59}},"12":{"start":{"line":64,"column":12},"end":{"line":64,"column":64}},"13":{"start":{"line":71,"column":19},"end":{"line":71,"column":23}},"14":{"start":{"line":74,"column":8},"end":{"line":84,"column":10}},"15":{"start":{"line":75,"column":32},"end":{"line":75,"column":54}},"16":{"start":{"line":76,"column":12},"end":{"line":76,"column":62}},"17":{"start":{"line":79,"column":12},"end":{"line":81,"column":13}},"18":{"start":{"line":80,"column":16},"end":{"line":80,"column":53}},"19":{"start":{"line":83,"column":12},"end":{"line":83,"column":49}},"20":{"start":{"line":90,"column":23},"end":{"line":90,"column":27}},"21":{"start":{"line":91,"column":23},"end":{"line":91,"column":42}},"22":{"start":{"line":92,"column":29},"end":{"line":92,"column":33}},"23":{"start":{"line":94,"column":8},"end":{"line":115,"column":9}},"24":{"start":{"line":95,"column":26},"end":{"line":95,"column":48}},"25":{"start":{"line":96,"column":12},"end":{"line":114,"column":13}},"26":{"start":{"line":98,"column":16},"end":{"line":111,"column":17}},"27":{"start":{"line":99,"column":20},"end":{"line":110,"column":23}},"28":{"start":{"line":100,"column":24},"end":{"line":109,"column":26}},"29":{"start":{"line":113,"column":16},"end":{"line":113,"column":22}},"30":{"start":{"line":117,"column":8},"end":{"line":138,"column":10}},"31":{"start":{"line":122,"column":50},"end":{"line":122,"column":77}},"32":{"start":{"line":126,"column":35},"end":{"line":126,"column":85}},"33":{"start":{"line":142,"column":15},"end":{"line":153,"column":2}},"34":{"start":{"line":156,"column":4},"end":{"line":156,"column":56}},"35":{"start":{"line":160,"column":4},"end":{"line":162,"column":5}}},"fnMap":{"0":{"name":"(anonymous_0)","decl":{"start":{"line":27,"column":4},"end":{"line":27,"column":5}},"loc":{"start":{"line":27,"column":23},"end":{"line":42,"column":5}},"line":27},"1":{"name":"(anonymous_1)","decl":{"start":{"line":31,"column":14},"end":{"line":31,"column":15}},"loc":{"start":{"line":31,"column":22},"end":{"line":33,"column":9}},"line":31},"2":{"name":"(anonymous_2)","decl":{"start":{"line":34,"column":15},"end":{"line":34,"column":16}},"loc":{"start":{"line":34,"column":22},"end":{"line":36,"column":9}},"line":34},"3":{"name":"(anonymous_3)","decl":{"start":{"line":46,"column":4},"end":{"line":46,"column":5}},"loc":{"start":{"line":46,"column":46},"end":{"line":66,"column":5}},"line":46},"4":{"name":"(anonymous_4)","decl":{"start":{"line":52,"column":14},"end":{"line":52,"column":15}},"loc":{"start":{"line":52,"column":26},"end":{"line":62,"column":9}},"line":52},"5":{"name":"(anonymous_5)","decl":{"start":{"line":59,"column":19},"end":{"line":59,"column":20}},"loc":{"start":{"line":59,"column":26},"end":{"line":61,"column":13}},"line":59},"6":{"name":"(anonymous_6)","decl":{"start":{"line":63,"column":15},"end":{"line":63,"column":16}},"loc":{"start":{"line":63,"column":24},"end":{"line":65,"column":9}},"line":63},"7":{"name":"(anonymous_7)","decl":{"start":{"line":69,"column":4},"end":{"line":69,"column":5}},"loc":{"start":{"line":69,"column":24},"end":{"line":85,"column":5}},"line":69},"8":{"name":"(anonymous_8)","decl":{"start":{"line":74,"column":32},"end":{"line":74,"column":33}},"loc":{"start":{"line":74,"column":43},"end":{"line":84,"column":9}},"line":74},"9":{"name":"(anonymous_9)","decl":{"start":{"line":88,"column":4},"end":{"line":88,"column":5}},"loc":{"start":{"line":88,"column":13},"end":{"line":139,"column":5}},"line":88},"10":{"name":"(anonymous_10)","decl":{"start":{"line":99,"column":64},"end":{"line":99,"column":65}},"loc":{"start":{"line":99,"column":77},"end":{"line":110,"column":21}},"line":99},"11":{"name":"(anonymous_11)","decl":{"start":{"line":122,"column":34},"end":{"line":122,"column":35}},"loc":{"start":{"line":122,"column":50},"end":{"line":122,"column":77}},"line":122},"12":{"name":"(anonymous_12)","decl":{"start":{"line":126,"column":29},"end":{"line":126,"column":30}},"loc":{"start":{"line":126,"column":35},"end":{"line":126,"column":85}},"line":126},"13":{"name":"mapDispatchToProps","decl":{"start":{"line":155,"column":9},"end":{"line":155,"column":27}},"loc":{"start":{"line":155,"column":38},"end":{"line":157,"column":1}},"line":155},"14":{"name":"mapStateToProps","decl":{"start":{"line":159,"column":9},"end":{"line":159,"column":24}},"loc":{"start":{"line":159,"column":32},"end":{"line":163,"column":1}},"line":159}},"branchMap":{"0":{"loc":{"start":{"line":79,"column":12},"end":{"line":81,"column":13}},"type":"if","locations":[{"start":{"line":79,"column":12},"end":{"line":81,"column":13}},{"start":{"line":79,"column":12},"end":{"line":81,"column":13}}],"line":79},"1":{"loc":{"start":{"line":79,"column":16},"end":{"line":79,"column":66}},"type":"binary-expr","locations":[{"start":{"line":79,"column":16},"end":{"line":79,"column":29}},{"start":{"line":79,"column":33},"end":{"line":79,"column":66}}],"line":79},"2":{"loc":{"start":{"line":96,"column":12},"end":{"line":114,"column":13}},"type":"if","locations":[{"start":{"line":96,"column":12},"end":{"line":114,"column":13}},{"start":{"line":96,"column":12},"end":{"line":114,"column":13}}],"line":96},"3":{"loc":{"start":{"line":98,"column":16},"end":{"line":111,"column":17}},"type":"if","locations":[{"start":{"line":98,"column":16},"end":{"line":111,"column":17}},{"start":{"line":98,"column":16},"end":{"line":111,"column":17}}],"line":98},"4":{"loc":{"start":{"line":130,"column":17},"end":{"line":135,"column":24}},"type":"cond-expr","locations":[{"start":{"line":132,"column":20},"end":{"line":132,"column":70}},{"start":{"line":135,"column":20},"end":{"line":135,"column":24}}],"line":130}},"s":{"0":0,"1":0,"2":0,"3":0,"4":0,"5":0,"6":0,"7":0,"8":0,"9":0,"10":0,"11":0,"12":0,"13":0,"14":0,"15":0,"16":0,"17":0,"18":0,"19":0,"20":0,"21":0,"22":0,"23":0,"24":0,"25":0,"26":0,"27":0,"28":0,"29":0,"30":0,"31":0,"32":0,"33":1,"34":0,"35":0},"f":{"0":0,"1":0,"2":0,"3":0,"4":0,"5":0,"6":0,"7":0,"8":0,"9":0,"10":0,"11":0,"12":0,"13":0,"14":0},"b":{"0":[0,0],"1":[0,0],"2":[0,0],"3":[0,0],"4":[0,0]},"_coverageSchema":"332fd63041d2c1bcb487cc26dd0d5f7d97098a6c","hash":"29c373f0809317e2f9226875ded1955588a452e0"}
,"/home/kevin/work/lucidata/screens/sports.js": {"path":"/home/kevin/work/lucidata/screens/sports.js","statementMap":{"0":{"start":{"line":47,"column":8},"end":{"line":47,"column":21}},"1":{"start":{"line":49,"column":8},"end":{"line":55,"column":11}},"2":{"start":{"line":51,"column":12},"end":{"line":51,"column":41}},"3":{"start":{"line":54,"column":12},"end":{"line":54,"column":50}},"4":{"start":{"line":57,"column":8},"end":{"line":60,"column":10}},"5":{"start":{"line":66,"column":34},"end":{"line":66,"column":46}},"6":{"start":{"line":67,"column":30},"end":{"line":67,"column":42}},"7":{"start":{"line":69,"column":8},"end":{"line":107,"column":9}},"8":{"start":{"line":71,"column":28},"end":{"line":77,"column":13}},"9":{"start":{"line":78,"column":12},"end":{"line":104,"column":13}},"10":{"start":{"line":79,"column":16},"end":{"line":79,"column":61}},"11":{"start":{"line":81,"column":38},"end":{"line":81,"column":52}},"12":{"start":{"line":84,"column":16},"end":{"line":84,"column":52}},"13":{"start":{"line":87,"column":16},"end":{"line":99,"column":18}},"14":{"start":{"line":92,"column":24},"end":{"line":97,"column":25}},"15":{"start":{"line":93,"column":28},"end":{"line":93,"column":56}},"16":{"start":{"line":96,"column":28},"end":{"line":96,"column":71}},"17":{"start":{"line":103,"column":16},"end":{"line":103,"column":52}},"18":{"start":{"line":106,"column":12},"end":{"line":106,"column":55}},"19":{"start":{"line":113,"column":19},"end":{"line":113,"column":23}},"20":{"start":{"line":116,"column":8},"end":{"line":124,"column":10}},"21":{"start":{"line":117,"column":32},"end":{"line":117,"column":54}},"22":{"start":{"line":119,"column":12},"end":{"line":121,"column":13}},"23":{"start":{"line":120,"column":16},"end":{"line":120,"column":47}},"24":{"start":{"line":123,"column":12},"end":{"line":123,"column":49}},"25":{"start":{"line":130,"column":23},"end":{"line":130,"column":27}},"26":{"start":{"line":131,"column":23},"end":{"line":131,"column":42}},"27":{"start":{"line":133,"column":8},"end":{"line":145,"column":9}},"28":{"start":{"line":134,"column":26},"end":{"line":134,"column":48}},"29":{"start":{"line":135,"column":12},"end":{"line":144,"column":13}},"30":{"start":{"line":137,"column":16},"end":{"line":141,"column":18}},"31":{"start":{"line":143,"column":16},"end":{"line":143,"column":22}},"32":{"start":{"line":147,"column":8},"end":{"line":168,"column":10}},"33":{"start":{"line":152,"column":50},"end":{"line":152,"column":77}},"34":{"start":{"line":156,"column":35},"end":{"line":156,"column":71}},"35":{"start":{"line":172,"column":15},"end":{"line":179,"column":2}},"36":{"start":{"line":182,"column":4},"end":{"line":182,"column":56}},"37":{"start":{"line":186,"column":4},"end":{"line":188,"column":5}},"38":{"start":{"line":192,"column":27},"end":{"line":208,"column":1}},"39":{"start":{"line":193,"column":16},"end":{"line":193,"column":18}},"40":{"start":{"line":194,"column":4},"end":{"line":196,"column":5}},"41":{"start":{"line":195,"column":8},"end":{"line":195,"column":21}},"42":{"start":{"line":198,"column":4},"end":{"line":198,"column":42}},"43":{"start":{"line":200,"column":16},"end":{"line":200,"column":31}},"44":{"start":{"line":202,"column":4},"end":{"line":206,"column":5}},"45":{"start":{"line":203,"column":8},"end":{"line":205,"column":9}},"46":{"start":{"line":204,"column":12},"end":{"line":204,"column":44}},"47":{"start":{"line":207,"column":4},"end":{"line":207,"column":17}},"48":{"start":{"line":211,"column":25},"end":{"line":227,"column":1}},"49":{"start":{"line":212,"column":19},"end":{"line":212,"column":21}},"50":{"start":{"line":214,"column":16},"end":{"line":214,"column":31}},"51":{"start":{"line":215,"column":4},"end":{"line":217,"column":5}},"52":{"start":{"line":216,"column":8},"end":{"line":216,"column":24}},"53":{"start":{"line":218,"column":4},"end":{"line":218,"column":29}},"54":{"start":{"line":219,"column":4},"end":{"line":219,"column":29}},"55":{"start":{"line":220,"column":4},"end":{"line":220,"column":31}},"56":{"start":{"line":222,"column":4},"end":{"line":225,"column":5}},"57":{"start":{"line":223,"column":8},"end":{"line":223,"column":38}},"58":{"start":{"line":224,"column":8},"end":{"line":224,"column":38}},"59":{"start":{"line":226,"column":4},"end":{"line":226,"column":20}}},"fnMap":{"0":{"name":"(anonymous_0)","decl":{"start":{"line":46,"column":4},"end":{"line":46,"column":5}},"loc":{"start":{"line":46,"column":23},"end":{"line":61,"column":5}},"line":46},"1":{"name":"(anonymous_1)","decl":{"start":{"line":50,"column":14},"end":{"line":50,"column":15}},"loc":{"start":{"line":50,"column":22},"end":{"line":52,"column":9}},"line":50},"2":{"name":"(anonymous_2)","decl":{"start":{"line":53,"column":15},"end":{"line":53,"column":16}},"loc":{"start":{"line":53,"column":22},"end":{"line":55,"column":9}},"line":53},"3":{"name":"(anonymous_3)","decl":{"start":{"line":65,"column":4},"end":{"line":65,"column":5}},"loc":{"start":{"line":65,"column":28},"end":{"line":108,"column":5}},"line":65},"4":{"name":"(anonymous_4)","decl":{"start":{"line":91,"column":20},"end":{"line":91,"column":21}},"loc":{"start":{"line":91,"column":38},"end":{"line":98,"column":21}},"line":91},"5":{"name":"(anonymous_5)","decl":{"start":{"line":111,"column":4},"end":{"line":111,"column":5}},"loc":{"start":{"line":111,"column":24},"end":{"line":125,"column":5}},"line":111},"6":{"name":"(anonymous_6)","decl":{"start":{"line":116,"column":32},"end":{"line":116,"column":33}},"loc":{"start":{"line":116,"column":43},"end":{"line":124,"column":9}},"line":116},"7":{"name":"(anonymous_7)","decl":{"start":{"line":128,"column":4},"end":{"line":128,"column":5}},"loc":{"start":{"line":128,"column":13},"end":{"line":169,"column":5}},"line":128},"8":{"name":"(anonymous_8)","decl":{"start":{"line":152,"column":34},"end":{"line":152,"column":35}},"loc":{"start":{"line":152,"column":50},"end":{"line":152,"column":77}},"line":152},"9":{"name":"(anonymous_9)","decl":{"start":{"line":156,"column":29},"end":{"line":156,"column":30}},"loc":{"start":{"line":156,"column":35},"end":{"line":156,"column":71}},"line":156},"10":{"name":"mapDispatchToProps","decl":{"start":{"line":181,"column":9},"end":{"line":181,"column":27}},"loc":{"start":{"line":181,"column":38},"end":{"line":183,"column":1}},"line":181},"11":{"name":"mapStateToProps","decl":{"start":{"line":185,"column":9},"end":{"line":185,"column":24}},"loc":{"start":{"line":185,"column":32},"end":{"line":189,"column":1}},"line":185},"12":{"name":"(anonymous_12)","decl":{"start":{"line":192,"column":27},"end":{"line":192,"column":28}},"loc":{"start":{"line":192,"column":37},"end":{"line":208,"column":1}},"line":192},"13":{"name":"(anonymous_13)","decl":{"start":{"line":211,"column":25},"end":{"line":211,"column":26}},"loc":{"start":{"line":211,"column":35},"end":{"line":227,"column":1}},"line":211}},"branchMap":{"0":{"loc":{"start":{"line":78,"column":12},"end":{"line":104,"column":13}},"type":"if","locations":[{"start":{"line":78,"column":12},"end":{"line":104,"column":13}},{"start":{"line":78,"column":12},"end":{"line":104,"column":13}}],"line":78},"1":{"loc":{"start":{"line":92,"column":24},"end":{"line":97,"column":25}},"type":"if","locations":[{"start":{"line":92,"column":24},"end":{"line":97,"column":25}},{"start":{"line":92,"column":24},"end":{"line":97,"column":25}}],"line":92},"2":{"loc":{"start":{"line":119,"column":12},"end":{"line":121,"column":13}},"type":"if","locations":[{"start":{"line":119,"column":12},"end":{"line":121,"column":13}},{"start":{"line":119,"column":12},"end":{"line":121,"column":13}}],"line":119},"3":{"loc":{"start":{"line":119,"column":16},"end":{"line":119,"column":67}},"type":"binary-expr","locations":[{"start":{"line":119,"column":16},"end":{"line":119,"column":30}},{"start":{"line":119,"column":34},"end":{"line":119,"column":67}}],"line":119},"4":{"loc":{"start":{"line":135,"column":12},"end":{"line":144,"column":13}},"type":"if","locations":[{"start":{"line":135,"column":12},"end":{"line":144,"column":13}},{"start":{"line":135,"column":12},"end":{"line":144,"column":13}}],"line":135},"5":{"loc":{"start":{"line":160,"column":17},"end":{"line":165,"column":24}},"type":"cond-expr","locations":[{"start":{"line":162,"column":20},"end":{"line":162,"column":70}},{"start":{"line":165,"column":20},"end":{"line":165,"column":24}}],"line":160},"6":{"loc":{"start":{"line":194,"column":4},"end":{"line":196,"column":5}},"type":"if","locations":[{"start":{"line":194,"column":4},"end":{"line":196,"column":5}},{"start":{"line":194,"column":4},"end":{"line":196,"column":5}}],"line":194},"7":{"loc":{"start":{"line":203,"column":8},"end":{"line":205,"column":9}},"type":"if","locations":[{"start":{"line":203,"column":8},"end":{"line":205,"column":9}},{"start":{"line":203,"column":8},"end":{"line":205,"column":9}}],"line":203},"8":{"loc":{"start":{"line":215,"column":4},"end":{"line":217,"column":5}},"type":"if","locations":[{"start":{"line":215,"column":4},"end":{"line":217,"column":5}},{"start":{"line":215,"column":4},"end":{"line":217,"column":5}}],"line":215},"9":{"loc":{"start":{"line":222,"column":4},"end":{"line":225,"column":5}},"type":"if","locations":[{"start":{"line":222,"column":4},"end":{"line":225,"column":5}},{"start":{"line":222,"column":4},"end":{"line":225,"column":5}}],"line":222}},"s":{"0":0,"1":0,"2":0,"3":0,"4":0,"5":0,"6":0,"7":0,"8":0,"9":0,"10":0,"11":0,"12":0,"13":0,"14":0,"15":0,"16":0,"17":0,"18":0,"19":0,"20":0,"21":0,"22":0,"23":0,"24":0,"25":0,"26":0,"27":0,"28":0,"29":0,"30":0,"31":0,"32":0,"33":0,"34":0,"35":2,"36":0,"37":0,"38":2,"39":3,"40":3,"41":1,"42":2,"43":2,"44":2,"45":7,"46":6,"47":2,"48":2,"49":10,"50":10,"51":10,"52":4,"53":6,"54":6,"55":6,"56":6,"57":2,"58":2,"59":6},"f":{"0":0,"1":0,"2":0,"3":0,"4":0,"5":0,"6":0,"7":0,"8":0,"9":0,"10":0,"11":0,"12":3,"13":10},"b":{"0":[0,0],"1":[0,0],"2":[0,0],"3":[0,0],"4":[0,0],"5":[0,0],"6":[1,2],"7":[6,1],"8":[4,6],"9":[2,4]},"_coverageSchema":"332fd63041d2c1bcb487cc26dd0d5f7d97098a6c","hash":"5ef68357c947572077309d014de9f36233d13111"}
,"/home/kevin/work/lucidata/screens/weather.js": {"path":"/home/kevin/work/lucidata/screens/weather.js","statementMap":{"0":{"start":{"line":27,"column":8},"end":{"line":27,"column":21}},"1":{"start":{"line":29,"column":8},"end":{"line":35,"column":11}},"2":{"start":{"line":31,"column":12},"end":{"line":31,"column":41}},"3":{"start":{"line":34,"column":12},"end":{"line":34,"column":50}},"4":{"start":{"line":37,"column":8},"end":{"line":40,"column":10}},"5":{"start":{"line":46,"column":30},"end":{"line":46,"column":44}},"6":{"start":{"line":49,"column":8},"end":{"line":49,"column":44}},"7":{"start":{"line":50,"column":8},"end":{"line":53,"column":10}},"8":{"start":{"line":52,"column":12},"end":{"line":52,"column":55}},"9":{"start":{"line":59,"column":19},"end":{"line":59,"column":23}},"10":{"start":{"line":62,"column":8},"end":{"line":72,"column":10}},"11":{"start":{"line":63,"column":32},"end":{"line":63,"column":54}},"12":{"start":{"line":64,"column":12},"end":{"line":64,"column":62}},"13":{"start":{"line":67,"column":12},"end":{"line":69,"column":13}},"14":{"start":{"line":68,"column":16},"end":{"line":68,"column":53}},"15":{"start":{"line":71,"column":12},"end":{"line":71,"column":49}},"16":{"start":{"line":78,"column":23},"end":{"line":78,"column":27}},"17":{"start":{"line":79,"column":23},"end":{"line":79,"column":42}},"18":{"start":{"line":81,"column":8},"end":{"line":93,"column":9}},"19":{"start":{"line":82,"column":26},"end":{"line":82,"column":48}},"20":{"start":{"line":83,"column":12},"end":{"line":92,"column":13}},"21":{"start":{"line":85,"column":16},"end":{"line":89,"column":18}},"22":{"start":{"line":91,"column":16},"end":{"line":91,"column":22}},"23":{"start":{"line":95,"column":8},"end":{"line":116,"column":10}},"24":{"start":{"line":100,"column":50},"end":{"line":100,"column":77}},"25":{"start":{"line":104,"column":35},"end":{"line":104,"column":71}},"26":{"start":{"line":120,"column":15},"end":{"line":127,"column":2}},"27":{"start":{"line":130,"column":4},"end":{"line":130,"column":56}},"28":{"start":{"line":134,"column":4},"end":{"line":136,"column":5}}},"fnMap":{"0":{"name":"(anonymous_0)","decl":{"start":{"line":26,"column":4},"end":{"line":26,"column":5}},"loc":{"start":{"line":26,"column":23},"end":{"line":41,"column":5}},"line":26},"1":{"name":"(anonymous_1)","decl":{"start":{"line":30,"column":14},"end":{"line":30,"column":15}},"loc":{"start":{"line":30,"column":22},"end":{"line":32,"column":9}},"line":30},"2":{"name":"(anonymous_2)","decl":{"start":{"line":33,"column":15},"end":{"line":33,"column":16}},"loc":{"start":{"line":33,"column":22},"end":{"line":35,"column":9}},"line":33},"3":{"name":"(anonymous_3)","decl":{"start":{"line":45,"column":4},"end":{"line":45,"column":5}},"loc":{"start":{"line":45,"column":28},"end":{"line":54,"column":5}},"line":45},"4":{"name":"(anonymous_4)","decl":{"start":{"line":51,"column":15},"end":{"line":51,"column":16}},"loc":{"start":{"line":51,"column":22},"end":{"line":53,"column":9}},"line":51},"5":{"name":"(anonymous_5)","decl":{"start":{"line":57,"column":4},"end":{"line":57,"column":5}},"loc":{"start":{"line":57,"column":24},"end":{"line":73,"column":5}},"line":57},"6":{"name":"(anonymous_6)","decl":{"start":{"line":62,"column":32},"end":{"line":62,"column":33}},"loc":{"start":{"line":62,"column":43},"end":{"line":72,"column":9}},"line":62},"7":{"name":"(anonymous_7)","decl":{"start":{"line":76,"column":4},"end":{"line":76,"column":5}},"loc":{"start":{"line":76,"column":13},"end":{"line":117,"column":5}},"line":76},"8":{"name":"(anonymous_8)","decl":{"start":{"line":100,"column":34},"end":{"line":100,"column":35}},"loc":{"start":{"line":100,"column":50},"end":{"line":100,"column":77}},"line":100},"9":{"name":"(anonymous_9)","decl":{"start":{"line":104,"column":29},"end":{"line":104,"column":30}},"loc":{"start":{"line":104,"column":35},"end":{"line":104,"column":71}},"line":104},"10":{"name":"mapDispatchToProps","decl":{"start":{"line":129,"column":9},"end":{"line":129,"column":27}},"loc":{"start":{"line":129,"column":38},"end":{"line":131,"column":1}},"line":129},"11":{"name":"mapStateToProps","decl":{"start":{"line":133,"column":9},"end":{"line":133,"column":24}},"loc":{"start":{"line":133,"column":32},"end":{"line":137,"column":1}},"line":133}},"branchMap":{"0":{"loc":{"start":{"line":67,"column":12},"end":{"line":69,"column":13}},"type":"if","locations":[{"start":{"line":67,"column":12},"end":{"line":69,"column":13}},{"start":{"line":67,"column":12},"end":{"line":69,"column":13}}],"line":67},"1":{"loc":{"start":{"line":67,"column":16},"end":{"line":67,"column":66}},"type":"binary-expr","locations":[{"start":{"line":67,"column":16},"end":{"line":67,"column":29}},{"start":{"line":67,"column":33},"end":{"line":67,"column":66}}],"line":67},"2":{"loc":{"start":{"line":83,"column":12},"end":{"line":92,"column":13}},"type":"if","locations":[{"start":{"line":83,"column":12},"end":{"line":92,"column":13}},{"start":{"line":83,"column":12},"end":{"line":92,"column":13}}],"line":83},"3":{"loc":{"start":{"line":108,"column":17},"end":{"line":113,"column":24}},"type":"cond-expr","locations":[{"start":{"line":110,"column":20},"end":{"line":110,"column":70}},{"start":{"line":113,"column":20},"end":{"line":113,"column":24}}],"line":108}},"s":{"0":0,"1":0,"2":0,"3":0,"4":0,"5":0,"6":0,"7":0,"8":0,"9":0,"10":0,"11":0,"12":0,"13":0,"14":0,"15":0,"16":0,"17":0,"18":0,"19":0,"20":0,"21":0,"22":0,"23":0,"24":0,"25":0,"26":1,"27":0,"28":0},"f":{"0":0,"1":0,"2":0,"3":0,"4":0,"5":0,"6":0,"7":0,"8":0,"9":0,"10":0,"11":0},"b":{"0":[0,0],"1":[0,0],"2":[0,0],"3":[0,0]},"_coverageSchema":"332fd63041d2c1bcb487cc26dd0d5f7d97098a6c","hash":"8e04baaa2f8e8d95c04cb6294fdbd7de20b60adc"}
,"/home/kevin/work/lucidata/screens/wikipedia.js": {"path":"/home/kevin/work/lucidata/screens/wikipedia.js","statementMap":{"0":{"start":{"line":27,"column":8},"end":{"line":27,"column":21}},"1":{"start":{"line":29,"column":8},"end":{"line":35,"column":11}},"2":{"start":{"line":31,"column":12},"end":{"line":31,"column":41}},"3":{"start":{"line":34,"column":12},"end":{"line":34,"column":50}},"4":{"start":{"line":37,"column":8},"end":{"line":40,"column":10}},"5":{"start":{"line":46,"column":30},"end":{"line":46,"column":44}},"6":{"start":{"line":49,"column":8},"end":{"line":49,"column":44}},"7":{"start":{"line":50,"column":8},"end":{"line":53,"column":10}},"8":{"start":{"line":52,"column":12},"end":{"line":52,"column":55}},"9":{"start":{"line":59,"column":19},"end":{"line":59,"column":23}},"10":{"start":{"line":62,"column":8},"end":{"line":72,"column":10}},"11":{"start":{"line":63,"column":32},"end":{"line":63,"column":54}},"12":{"start":{"line":64,"column":12},"end":{"line":64,"column":62}},"13":{"start":{"line":67,"column":12},"end":{"line":69,"column":13}},"14":{"start":{"line":68,"column":16},"end":{"line":68,"column":53}},"15":{"start":{"line":71,"column":12},"end":{"line":71,"column":49}},"16":{"start":{"line":78,"column":23},"end":{"line":78,"column":27}},"17":{"start":{"line":79,"column":23},"end":{"line":79,"column":42}},"18":{"start":{"line":81,"column":8},"end":{"line":93,"column":9}},"19":{"start":{"line":82,"column":26},"end":{"line":82,"column":48}},"20":{"start":{"line":83,"column":12},"end":{"line":92,"column":13}},"21":{"start":{"line":85,"column":16},"end":{"line":89,"column":18}},"22":{"start":{"line":91,"column":16},"end":{"line":91,"column":22}},"23":{"start":{"line":95,"column":8},"end":{"line":116,"column":10}},"24":{"start":{"line":100,"column":50},"end":{"line":100,"column":77}},"25":{"start":{"line":104,"column":35},"end":{"line":104,"column":71}},"26":{"start":{"line":120,"column":15},"end":{"line":127,"column":2}},"27":{"start":{"line":130,"column":4},"end":{"line":130,"column":56}},"28":{"start":{"line":134,"column":4},"end":{"line":136,"column":5}}},"fnMap":{"0":{"name":"(anonymous_0)","decl":{"start":{"line":26,"column":4},"end":{"line":26,"column":5}},"loc":{"start":{"line":26,"column":23},"end":{"line":41,"column":5}},"line":26},"1":{"name":"(anonymous_1)","decl":{"start":{"line":30,"column":14},"end":{"line":30,"column":15}},"loc":{"start":{"line":30,"column":22},"end":{"line":32,"column":9}},"line":30},"2":{"name":"(anonymous_2)","decl":{"start":{"line":33,"column":15},"end":{"line":33,"column":16}},"loc":{"start":{"line":33,"column":22},"end":{"line":35,"column":9}},"line":33},"3":{"name":"(anonymous_3)","decl":{"start":{"line":45,"column":4},"end":{"line":45,"column":5}},"loc":{"start":{"line":45,"column":28},"end":{"line":54,"column":5}},"line":45},"4":{"name":"(anonymous_4)","decl":{"start":{"line":51,"column":15},"end":{"line":51,"column":16}},"loc":{"start":{"line":51,"column":22},"end":{"line":53,"column":9}},"line":51},"5":{"name":"(anonymous_5)","decl":{"start":{"line":57,"column":4},"end":{"line":57,"column":5}},"loc":{"start":{"line":57,"column":24},"end":{"line":73,"column":5}},"line":57},"6":{"name":"(anonymous_6)","decl":{"start":{"line":62,"column":32},"end":{"line":62,"column":33}},"loc":{"start":{"line":62,"column":43},"end":{"line":72,"column":9}},"line":62},"7":{"name":"(anonymous_7)","decl":{"start":{"line":76,"column":4},"end":{"line":76,"column":5}},"loc":{"start":{"line":76,"column":13},"end":{"line":117,"column":5}},"line":76},"8":{"name":"(anonymous_8)","decl":{"start":{"line":100,"column":34},"end":{"line":100,"column":35}},"loc":{"start":{"line":100,"column":50},"end":{"line":100,"column":77}},"line":100},"9":{"name":"(anonymous_9)","decl":{"start":{"line":104,"column":29},"end":{"line":104,"column":30}},"loc":{"start":{"line":104,"column":35},"end":{"line":104,"column":71}},"line":104},"10":{"name":"mapDispatchToProps","decl":{"start":{"line":129,"column":9},"end":{"line":129,"column":27}},"loc":{"start":{"line":129,"column":38},"end":{"line":131,"column":1}},"line":129},"11":{"name":"mapStateToProps","decl":{"start":{"line":133,"column":9},"end":{"line":133,"column":24}},"loc":{"start":{"line":133,"column":32},"end":{"line":137,"column":1}},"line":133}},"branchMap":{"0":{"loc":{"start":{"line":67,"column":12},"end":{"line":69,"column":13}},"type":"if","locations":[{"start":{"line":67,"column":12},"end":{"line":69,"column":13}},{"start":{"line":67,"column":12},"end":{"line":69,"column":13}}],"line":67},"1":{"loc":{"start":{"line":67,"column":16},"end":{"line":67,"column":66}},"type":"binary-expr","locations":[{"start":{"line":67,"column":16},"end":{"line":67,"column":29}},{"start":{"line":67,"column":33},"end":{"line":67,"column":66}}],"line":67},"2":{"loc":{"start":{"line":83,"column":12},"end":{"line":92,"column":13}},"type":"if","locations":[{"start":{"line":83,"column":12},"end":{"line":92,"column":13}},{"start":{"line":83,"column":12},"end":{"line":92,"column":13}}],"line":83},"3":{"loc":{"start":{"line":108,"column":17},"end":{"line":113,"column":24}},"type":"cond-expr","locations":[{"start":{"line":110,"column":20},"end":{"line":110,"column":70}},{"start":{"line":113,"column":20},"end":{"line":113,"column":24}}],"line":108}},"s":{"0":0,"1":0,"2":0,"3":0,"4":0,"5":0,"6":0,"7":0,"8":0,"9":0,"10":0,"11":0,"12":0,"13":0,"14":0,"15":0,"16":0,"17":0,"18":0,"19":0,"20":0,"21":0,"22":0,"23":0,"24":0,"25":0,"26":1,"27":0,"28":0},"f":{"0":0,"1":0,"2":0,"3":0,"4":0,"5":0,"6":0,"7":0,"8":0,"9":0,"10":0,"11":0},"b":{"0":[0,0],"1":[0,0],"2":[0,0],"3":[0,0]},"_coverageSchema":"332fd63041d2c1bcb487cc26dd0d5f7d97098a6c","hash":"c6ba5f9eebc68d9fd64517f02ba35c8d415f59a4"}
}
